This file contains any messages produced by compilers while
running configure, to aid debugging if configure makes a mistake.

It was created by clipper configure 2.1, which was
generated by GNU Autoconf 2.69.  Invocation command line was

  $ ./configure CXXFLAGS=-g -O2 -w -std=c++11 CCFLAGS=-g -O2 -w --enable-mmdb=/home/harold/Dev/privateer_python/dependencies --enable-mmdb --enable-minimol --enable-cif --enable-ccp4=/home/harold/Dev/privateer_python/dependencies --enable-ccp4 --prefix=/home/harold/Dev/privateer_python/dependencies --disable-Werror --enable-shared --enable-cns --with-fftw2-prefix=/home/harold/Dev/privateer_python/dependencies

## --------- ##
## Platform. ##
## --------- ##

hostname = victoria
uname -m = x86_64
uname -r = 5.11.0-40-generic
uname -s = Linux
uname -v = #44~20.04.2-Ubuntu SMP Tue Oct 26 18:07:44 UTC 2021

/usr/bin/uname -p = x86_64
/bin/uname -X     = unknown

/bin/arch              = x86_64
/usr/bin/arch -k       = unknown
/usr/convex/getsysinfo = unknown
/usr/bin/hostinfo      = unknown
/bin/machine           = unknown
/usr/bin/oslevel       = unknown
/bin/universe          = unknown

PATH: /home/harold/Dev/privateer_python/privateerpython/bin
PATH: /home/harold/miniconda3/condabin
PATH: /home/harold/.local/bin
PATH: /home/harold/.local/bin
PATH: /usr/local/sbin
PATH: /usr/local/bin
PATH: /usr/sbin
PATH: /usr/bin
PATH: /sbin
PATH: /bin
PATH: /usr/games
PATH: /usr/local/games
PATH: /snap/bin
PATH: /home/harold/.dotnet/tools


## ----------- ##
## Core tests. ##
## ----------- ##

configure:2617: checking for a BSD-compatible install
configure:2685: result: /usr/bin/install -c
configure:2696: checking whether build environment is sane
configure:2751: result: yes
configure:2900: checking for a thread-safe mkdir -p
configure:2939: result: /usr/bin/mkdir -p
configure:2946: checking for gawk
configure:2976: result: no
configure:2946: checking for mawk
configure:2962: found /usr/bin/mawk
configure:2973: result: mawk
configure:2984: checking whether make sets $(MAKE)
configure:3006: result: yes
configure:3035: checking whether make supports nested variables
configure:3052: result: yes
configure:3185: checking for gcc
configure:3212: result: /usr/bin/gcc
configure:3441: checking for C compiler version
configure:3450: /usr/bin/gcc --version >&5
gcc (Ubuntu 9.3.0-17ubuntu1~20.04) 9.3.0
Copyright (C) 2019 Free Software Foundation, Inc.
This is free software; see the source for copying conditions.  There is NO
warranty; not even for MERCHANTABILITY or FITNESS FOR A PARTICULAR PURPOSE.

configure:3461: $? = 0
configure:3450: /usr/bin/gcc -v >&5
Using built-in specs.
COLLECT_GCC=/usr/bin/gcc
COLLECT_LTO_WRAPPER=/usr/lib/gcc/x86_64-linux-gnu/9/lto-wrapper
OFFLOAD_TARGET_NAMES=nvptx-none:hsa
OFFLOAD_TARGET_DEFAULT=1
Target: x86_64-linux-gnu
Configured with: ../src/configure -v --with-pkgversion='Ubuntu 9.3.0-17ubuntu1~20.04' --with-bugurl=file:///usr/share/doc/gcc-9/README.Bugs --enable-languages=c,ada,c++,go,brig,d,fortran,objc,obj-c++,gm2 --prefix=/usr --with-gcc-major-version-only --program-suffix=-9 --program-prefix=x86_64-linux-gnu- --enable-shared --enable-linker-build-id --libexecdir=/usr/lib --without-included-gettext --enable-threads=posix --libdir=/usr/lib --enable-nls --enable-clocale=gnu --enable-libstdcxx-debug --enable-libstdcxx-time=yes --with-default-libstdcxx-abi=new --enable-gnu-unique-object --disable-vtable-verify --enable-plugin --enable-default-pie --with-system-zlib --with-target-system-zlib=auto --enable-objc-gc=auto --enable-multiarch --disable-werror --with-arch-32=i686 --with-abi=m64 --with-multilib-list=m32,m64,mx32 --enable-multilib --with-tune=generic --enable-offload-targets=nvptx-none=/build/gcc-9-HskZEa/gcc-9-9.3.0/debian/tmp-nvptx/usr,hsa --without-cuda-driver --enable-checking=release --build=x86_64-linux-gnu --host=x86_64-linux-gnu --target=x86_64-linux-gnu
Thread model: posix
gcc version 9.3.0 (Ubuntu 9.3.0-17ubuntu1~20.04) 
configure:3461: $? = 0
configure:3450: /usr/bin/gcc -V >&5
gcc: error: unrecognized command line option '-V'
gcc: fatal error: no input files
compilation terminated.
configure:3461: $? = 1
configure:3450: /usr/bin/gcc -qversion >&5
gcc: error: unrecognized command line option '-qversion'; did you mean '--version'?
gcc: fatal error: no input files
compilation terminated.
configure:3461: $? = 1
configure:3481: checking whether the C compiler works
configure:3503: /usr/bin/gcc  -I/home/harold/Dev/privateer_python/dependencies/include -L/home/harold/Dev/privateer_python/dependencies/lib -L/home/harold/Dev/privateer_python/dependencies/lib64 conftest.c  >&5
configure:3507: $? = 0
configure:3555: result: yes
configure:3558: checking for C compiler default output file name
configure:3560: result: a.out
configure:3566: checking for suffix of executables
configure:3573: /usr/bin/gcc -o conftest  -I/home/harold/Dev/privateer_python/dependencies/include -L/home/harold/Dev/privateer_python/dependencies/lib -L/home/harold/Dev/privateer_python/dependencies/lib64 conftest.c  >&5
configure:3577: $? = 0
configure:3599: result: 
configure:3621: checking whether we are cross compiling
configure:3629: /usr/bin/gcc -o conftest  -I/home/harold/Dev/privateer_python/dependencies/include -L/home/harold/Dev/privateer_python/dependencies/lib -L/home/harold/Dev/privateer_python/dependencies/lib64 conftest.c  >&5
configure:3633: $? = 0
configure:3640: ./conftest
configure:3644: $? = 0
configure:3632: result: no
configure:3637: checking for suffix of object files
configure:3659: /usr/bin/gcc -c  -I/home/harold/Dev/privateer_python/dependencies/include conftest.c >&5
configure:3663: $? = 0
configure:3684: result: o
configure:3688: checking whether we are using the GNU C compiler
configure:3707: /usr/bin/gcc -c  -I/home/harold/Dev/privateer_python/dependencies/include conftest.c >&5
configure:3707: $? = 0
configure:3716: result: yes
configure:3725: checking whether /usr/bin/gcc accepts -g
configure:3745: /usr/bin/gcc -c -g -I/home/harold/Dev/privateer_python/dependencies/include conftest.c >&5
configure:3745: $? = 0
configure:3786: result: yes
configure:3803: checking for /usr/bin/gcc option to accept ISO C89
configure:3866: /usr/bin/gcc  -c -g -O2 -I/home/harold/Dev/privateer_python/dependencies/include conftest.c >&5
configure:3866: $? = 0
configure:3879: result: none needed
configure:3910: checking for style of include used by make
configure:3938: result: GNU
configure:3964: checking dependency style of /usr/bin/gcc
configure:4075: result: gcc3
configure:4202: checking for C++ compiler version
configure:4211: /usr/bin/g++ --version >&5
g++ (Ubuntu 9.3.0-17ubuntu1~20.04) 9.3.0
Copyright (C) 2019 Free Software Foundation, Inc.
This is free software; see the source for copying conditions.  There is NO
warranty; not even for MERCHANTABILITY or FITNESS FOR A PARTICULAR PURPOSE.

configure:4222: $? = 0
configure:4211: /usr/bin/g++ -v >&5
Using built-in specs.
COLLECT_GCC=/usr/bin/g++
COLLECT_LTO_WRAPPER=/usr/lib/gcc/x86_64-linux-gnu/9/lto-wrapper
OFFLOAD_TARGET_NAMES=nvptx-none:hsa
OFFLOAD_TARGET_DEFAULT=1
Target: x86_64-linux-gnu
Configured with: ../src/configure -v --with-pkgversion='Ubuntu 9.3.0-17ubuntu1~20.04' --with-bugurl=file:///usr/share/doc/gcc-9/README.Bugs --enable-languages=c,ada,c++,go,brig,d,fortran,objc,obj-c++,gm2 --prefix=/usr --with-gcc-major-version-only --program-suffix=-9 --program-prefix=x86_64-linux-gnu- --enable-shared --enable-linker-build-id --libexecdir=/usr/lib --without-included-gettext --enable-threads=posix --libdir=/usr/lib --enable-nls --enable-clocale=gnu --enable-libstdcxx-debug --enable-libstdcxx-time=yes --with-default-libstdcxx-abi=new --enable-gnu-unique-object --disable-vtable-verify --enable-plugin --enable-default-pie --with-system-zlib --with-target-system-zlib=auto --enable-objc-gc=auto --enable-multiarch --disable-werror --with-arch-32=i686 --with-abi=m64 --with-multilib-list=m32,m64,mx32 --enable-multilib --with-tune=generic --enable-offload-targets=nvptx-none=/build/gcc-9-HskZEa/gcc-9-9.3.0/debian/tmp-nvptx/usr,hsa --without-cuda-driver --enable-checking=release --build=x86_64-linux-gnu --host=x86_64-linux-gnu --target=x86_64-linux-gnu
Thread model: posix
gcc version 9.3.0 (Ubuntu 9.3.0-17ubuntu1~20.04) 
configure:4222: $? = 0
configure:4211: /usr/bin/g++ -V >&5
g++: error: unrecognized command line option '-V'
g++: fatal error: no input files
compilation terminated.
configure:4222: $? = 1
configure:4211: /usr/bin/g++ -qversion >&5
g++: error: unrecognized command line option '-qversion'; did you mean '--version'?
g++: fatal error: no input files
compilation terminated.
configure:4222: $? = 1
configure:4226: checking whether we are using the GNU C++ compiler
configure:4245: /usr/bin/g++ -c -g -O2 -w -std=c++11 -I/home/harold/Dev/privateer_python/dependencies/include conftest.cpp >&5
configure:4245: $? = 0
configure:4254: result: yes
configure:4263: checking whether /usr/bin/g++ accepts -g
configure:4283: /usr/bin/g++ -c -g -I/home/harold/Dev/privateer_python/dependencies/include conftest.cpp >&5
configure:4283: $? = 0
configure:4324: result: yes
configure:4349: checking dependency style of /usr/bin/g++
configure:4460: result: gcc3
configure:4525: checking for ar
configure:4541: found /usr/bin/ar
configure:4552: result: ar
configure:4578: checking the archiver (ar) interface
configure:4588: /usr/bin/gcc -c -g -O2 -I/home/harold/Dev/privateer_python/dependencies/include conftest.c >&5
configure:4588: $? = 0
configure:4590: ar cru libconftest.a conftest.o >&5
ar: `u' modifier ignored since `D' is the default (see `U')
configure:4593: $? = 0
configure:4592: result: ar
configure:4643: checking build system type
configure:4657: result: x86_64-unknown-linux-gnu
configure:4677: checking host system type
configure:4690: result: x86_64-unknown-linux-gnu
configure:4731: checking how to print strings
configure:4758: result: printf
configure:4779: checking for a sed that does not truncate output
configure:4843: result: /usr/bin/sed
configure:4861: checking for grep that handles long lines and -e
configure:4919: result: /usr/bin/grep
configure:4924: checking for egrep
configure:4986: result: /usr/bin/grep -E
configure:4991: checking for fgrep
configure:5053: result: /usr/bin/grep -F
configure:5088: checking for ld used by /usr/bin/gcc
configure:5155: result: /usr/bin/ld
configure:5162: checking if the linker (/usr/bin/ld) is GNU ld
configure:5177: result: yes
configure:5189: checking for BSD- or MS-compatible name lister (nm)
configure:5238: result: /usr/bin/nm -B
configure:5368: checking the name lister (/usr/bin/nm -B) interface
configure:5375: /usr/bin/gcc -c -g -O2 -I/home/harold/Dev/privateer_python/dependencies/include conftest.c >&5
configure:5378: /usr/bin/nm -B "conftest.o"
configure:5381: output
0000000000000000 B some_variable
configure:5382: result: BSD nm
configure:5385: checking whether ln -s works
configure:5389: result: yes
configure:5397: checking the maximum length of command line arguments
configure:5527: result: 1572864
configure:5544: checking whether the shell understands some XSI constructs
configure:5553: result: yes
configure:5557: checking whether the shell understands "+="
configure:5561: result: yes
configure:5596: checking how to convert x86_64-unknown-linux-gnu file names to x86_64-unknown-linux-gnu format
configure:5636: result: func_convert_file_noop
configure:5643: checking how to convert x86_64-unknown-linux-gnu file names to toolchain format
configure:5663: result: func_convert_file_noop
configure:5670: checking for /usr/bin/ld option to reload object files
configure:5677: result: -r
configure:5751: checking for objdump
configure:5767: found /usr/bin/objdump
configure:5778: result: objdump
configure:5810: checking how to recognize dependent libraries
configure:6012: result: pass_all
configure:6097: checking for dlltool
configure:6127: result: no
configure:6157: checking how to associate runtime and link libraries
configure:6184: result: printf %s\n
configure:6308: checking for archiver @FILE support
configure:6325: /usr/bin/gcc -c -g -O2 -I/home/harold/Dev/privateer_python/dependencies/include conftest.c >&5
configure:6325: $? = 0
configure:6328: ar cru libconftest.a @conftest.lst >&5
ar: `u' modifier ignored since `D' is the default (see `U')
configure:6331: $? = 0
configure:6336: ar cru libconftest.a @conftest.lst >&5
ar: `u' modifier ignored since `D' is the default (see `U')
ar: conftest.o: No such file or directory
configure:6339: $? = 1
configure:6338: result: @
configure:6396: checking for strip
configure:6412: found /usr/bin/strip
configure:6423: result: strip
configure:6495: checking for ranlib
configure:6511: found /usr/bin/ranlib
configure:6522: result: ranlib
configure:6624: checking command to parse /usr/bin/nm -B output from /usr/bin/gcc object
configure:6744: /usr/bin/gcc -c -g -O2 -I/home/harold/Dev/privateer_python/dependencies/include conftest.c >&5
configure:6747: $? = 0
configure:6751: /usr/bin/nm -B conftest.o \| sed -n -e 's/^.*[ ]\([ABCDGIRSTW][ABCDGIRSTW]*\)[ ][ ]*\([_A-Za-z][_A-Za-z0-9]*\)$/\1 \2 \2/p' | sed '/ __gnu_lto/d' \> conftest.nm
configure:6754: $? = 0
configure:6820: /usr/bin/gcc -o conftest -g -O2 -I/home/harold/Dev/privateer_python/dependencies/include -L/home/harold/Dev/privateer_python/dependencies/lib -L/home/harold/Dev/privateer_python/dependencies/lib64 conftest.c conftstm.o >&5
configure:6823: $? = 0
configure:6861: result: ok
configure:6898: checking for sysroot
configure:6928: result: no
configure:7005: /usr/bin/gcc -c -g -O2 -I/home/harold/Dev/privateer_python/dependencies/include conftest.c >&5
configure:7008: $? = 0
configure:7184: checking for mt
configure:7200: found /usr/bin/mt
configure:7211: result: mt
configure:7234: checking if mt is a manifest tool
configure:7240: mt '-?'
configure:7248: result: no
configure:7890: checking how to run the C preprocessor
configure:7921: /usr/bin/gcc -E -I/home/harold/Dev/privateer_python/dependencies/include conftest.c
configure:7921: $? = 0
configure:7935: /usr/bin/gcc -E -I/home/harold/Dev/privateer_python/dependencies/include conftest.c
conftest.c:11:10: fatal error: ac_nonexistent.h: No such file or directory
   11 | #include <ac_nonexistent.h>
      |          ^~~~~~~~~~~~~~~~~~
compilation terminated.
configure:7935: $? = 1
configure: failed program was:
| /* confdefs.h */
| #define PACKAGE_NAME "clipper"
| #define PACKAGE_TARNAME "clipper"
| #define PACKAGE_VERSION "2.1"
| #define PACKAGE_STRING "clipper 2.1"
| #define PACKAGE_BUGREPORT ""
| #define PACKAGE_URL ""
| #define PACKAGE "clipper"
| #define VERSION "2.1"
| /* end confdefs.h.  */
| #include <ac_nonexistent.h>
configure:7960: result: /usr/bin/gcc -E
configure:7980: /usr/bin/gcc -E -I/home/harold/Dev/privateer_python/dependencies/include conftest.c
configure:7980: $? = 0
configure:7994: /usr/bin/gcc -E -I/home/harold/Dev/privateer_python/dependencies/include conftest.c
conftest.c:11:10: fatal error: ac_nonexistent.h: No such file or directory
   11 | #include <ac_nonexistent.h>
      |          ^~~~~~~~~~~~~~~~~~
compilation terminated.
configure:7994: $? = 1
configure: failed program was:
| /* confdefs.h */
| #define PACKAGE_NAME "clipper"
| #define PACKAGE_TARNAME "clipper"
| #define PACKAGE_VERSION "2.1"
| #define PACKAGE_STRING "clipper 2.1"
| #define PACKAGE_BUGREPORT ""
| #define PACKAGE_URL ""
| #define PACKAGE "clipper"
| #define VERSION "2.1"
| /* end confdefs.h.  */
| #include <ac_nonexistent.h>
configure:8023: checking for ANSI C header files
configure:8043: /usr/bin/gcc -c -g -O2 -I/home/harold/Dev/privateer_python/dependencies/include conftest.c >&5
configure:8043: $? = 0
configure:8116: /usr/bin/gcc -o conftest -g -O2 -I/home/harold/Dev/privateer_python/dependencies/include -L/home/harold/Dev/privateer_python/dependencies/lib -L/home/harold/Dev/privateer_python/dependencies/lib64 conftest.c  >&5
configure:8116: $? = 0
configure:8116: ./conftest
configure:8116: $? = 0
configure:8127: result: yes
configure:8140: checking for sys/types.h
configure:8140: /usr/bin/gcc -c -g -O2 -I/home/harold/Dev/privateer_python/dependencies/include conftest.c >&5
configure:8140: $? = 0
configure:8140: result: yes
configure:8140: checking for sys/stat.h
configure:8140: /usr/bin/gcc -c -g -O2 -I/home/harold/Dev/privateer_python/dependencies/include conftest.c >&5
configure:8140: $? = 0
configure:8140: result: yes
configure:8140: checking for stdlib.h
configure:8140: /usr/bin/gcc -c -g -O2 -I/home/harold/Dev/privateer_python/dependencies/include conftest.c >&5
configure:8140: $? = 0
configure:8140: result: yes
configure:8140: checking for string.h
configure:8140: /usr/bin/gcc -c -g -O2 -I/home/harold/Dev/privateer_python/dependencies/include conftest.c >&5
configure:8140: $? = 0
configure:8140: result: yes
configure:8140: checking for memory.h
configure:8140: /usr/bin/gcc -c -g -O2 -I/home/harold/Dev/privateer_python/dependencies/include conftest.c >&5
configure:8140: $? = 0
configure:8140: result: yes
configure:8140: checking for strings.h
configure:8140: /usr/bin/gcc -c -g -O2 -I/home/harold/Dev/privateer_python/dependencies/include conftest.c >&5
configure:8140: $? = 0
configure:8140: result: yes
configure:8140: checking for inttypes.h
configure:8140: /usr/bin/gcc -c -g -O2 -I/home/harold/Dev/privateer_python/dependencies/include conftest.c >&5
configure:8140: $? = 0
configure:8140: result: yes
configure:8140: checking for stdint.h
configure:8140: /usr/bin/gcc -c -g -O2 -I/home/harold/Dev/privateer_python/dependencies/include conftest.c >&5
configure:8140: $? = 0
configure:8140: result: yes
configure:8140: checking for unistd.h
configure:8140: /usr/bin/gcc -c -g -O2 -I/home/harold/Dev/privateer_python/dependencies/include conftest.c >&5
configure:8140: $? = 0
configure:8140: result: yes
configure:8154: checking for dlfcn.h
configure:8154: /usr/bin/gcc -c -g -O2 -I/home/harold/Dev/privateer_python/dependencies/include conftest.c >&5
configure:8154: $? = 0
configure:8154: result: yes
configure:8370: checking for objdir
configure:8385: result: .libs
configure:8656: checking if /usr/bin/gcc supports -fno-rtti -fno-exceptions
configure:8674: /usr/bin/gcc -c -g -O2 -I/home/harold/Dev/privateer_python/dependencies/include -fno-rtti -fno-exceptions conftest.c >&5
cc1: warning: command line option '-fno-rtti' is valid for C++/D/ObjC++ but not for C
configure:8678: $? = 0
configure:8691: result: no
configure:9018: checking for /usr/bin/gcc option to produce PIC
configure:9025: result: -fPIC -DPIC
configure:9033: checking if /usr/bin/gcc PIC flag -fPIC -DPIC works
configure:9051: /usr/bin/gcc -c -g -O2 -I/home/harold/Dev/privateer_python/dependencies/include -fPIC -DPIC -DPIC conftest.c >&5
configure:9055: $? = 0
configure:9068: result: yes
configure:9097: checking if /usr/bin/gcc static flag -static works
configure:9125: result: yes
configure:9140: checking if /usr/bin/gcc supports -c -o file.o
configure:9161: /usr/bin/gcc -c -g -O2 -I/home/harold/Dev/privateer_python/dependencies/include -o out/conftest2.o conftest.c >&5
configure:9165: $? = 0
configure:9187: result: yes
configure:9195: checking if /usr/bin/gcc supports -c -o file.o
configure:9242: result: yes
configure:9275: checking whether the /usr/bin/gcc linker (/usr/bin/ld -m elf_x86_64) supports shared libraries
configure:10428: result: yes
configure:10465: checking whether -lc should be explicitly linked in
configure:10473: /usr/bin/gcc -c -g -O2 -I/home/harold/Dev/privateer_python/dependencies/include conftest.c >&5
configure:10476: $? = 0
configure:10491: /usr/bin/gcc -shared  -fPIC -DPIC conftest.o  -v -Wl,-soname -Wl,conftest -o conftest 2\>\&1 \| /usr/bin/grep  -lc  \>/dev/null 2\>\&1
configure:10494: $? = 0
configure:10508: result: no
configure:10668: checking dynamic linker characteristics
configure:11179: /usr/bin/gcc -o conftest -g -O2 -I/home/harold/Dev/privateer_python/dependencies/include -L/home/harold/Dev/privateer_python/dependencies/lib -L/home/harold/Dev/privateer_python/dependencies/lib64 -Wl,-rpath -Wl,/foo conftest.c  >&5
configure:11179: $? = 0
configure:11405: result: GNU/Linux ld.so
configure:11512: checking how to hardcode library paths into programs
configure:11537: result: immediate
configure:12077: checking whether stripping libraries is possible
configure:12082: result: yes
configure:12117: checking if libtool supports shared libraries
configure:12119: result: yes
configure:12122: checking whether to build shared libraries
configure:12143: result: yes
configure:12146: checking whether to build static libraries
configure:12150: result: yes
configure:9179: checking how to run the C++ preprocessor
configure:9206: /usr/bin/g++ -E -I/home/harold/Dev/privateer_python/dependencies/include conftest.cpp
configure:9206: $? = 0
configure:9220: /usr/bin/g++ -E -I/home/harold/Dev/privateer_python/dependencies/include conftest.cpp
conftest.cpp:23:10: fatal error: ac_nonexistent.h: No such file or directory
   23 | #include <ac_nonexistent.h>
      |          ^~~~~~~~~~~~~~~~~~
compilation terminated.
configure:9220: $? = 1
configure: failed program was:
| /* confdefs.h */
| #define PACKAGE_NAME "clipper"
| #define PACKAGE_TARNAME "clipper"
| #define PACKAGE_VERSION "2.1"
| #define PACKAGE_STRING "clipper 2.1"
| #define PACKAGE_BUGREPORT ""
| #define PACKAGE_URL ""
| #define PACKAGE "clipper"
| #define VERSION "2.1"
| #define STDC_HEADERS 1
| #define HAVE_SYS_TYPES_H 1
| #define HAVE_SYS_STAT_H 1
| #define HAVE_STDLIB_H 1
| #define HAVE_STRING_H 1
| #define HAVE_MEMORY_H 1
| #define HAVE_STRINGS_H 1
| #define HAVE_INTTYPES_H 1
| #define HAVE_STDINT_H 1
| #define HAVE_UNISTD_H 1
| #define HAVE_DLFCN_H 1
| #define LT_OBJDIR ".libs/"
| /* end confdefs.h.  */
| #include <ac_nonexistent.h>
configure:9245: result: /usr/bin/g++ -E
configure:9265: /usr/bin/g++ -E -I/home/harold/Dev/privateer_python/dependencies/include conftest.cpp
configure:9265: $? = 0
configure:9279: /usr/bin/g++ -E -I/home/harold/Dev/privateer_python/dependencies/include conftest.cpp
conftest.cpp:23:10: fatal error: ac_nonexistent.h: No such file or directory
   23 | #include <ac_nonexistent.h>
      |          ^~~~~~~~~~~~~~~~~~
compilation terminated.
configure:9279: $? = 1
configure: failed program was:
| /* confdefs.h */
| #define PACKAGE_NAME "clipper"
| #define PACKAGE_TARNAME "clipper"
| #define PACKAGE_VERSION "2.1"
| #define PACKAGE_STRING "clipper 2.1"
| #define PACKAGE_BUGREPORT ""
| #define PACKAGE_URL ""
| #define PACKAGE "clipper"
| #define VERSION "2.1"
| #define STDC_HEADERS 1
| #define HAVE_SYS_TYPES_H 1
| #define HAVE_SYS_STAT_H 1
| #define HAVE_STDLIB_H 1
| #define HAVE_STRING_H 1
| #define HAVE_MEMORY_H 1
| #define HAVE_STRINGS_H 1
| #define HAVE_INTTYPES_H 1
| #define HAVE_STDINT_H 1
| #define HAVE_UNISTD_H 1
| #define HAVE_DLFCN_H 1
| #define LT_OBJDIR ".libs/"
| /* end confdefs.h.  */
| #include <ac_nonexistent.h>
configure:9448: checking for ld used by /usr/bin/g++
configure:9515: result: /usr/bin/ld -m elf_x86_64
configure:9522: checking if the linker (/usr/bin/ld -m elf_x86_64) is GNU ld
configure:9537: result: yes
configure:9592: checking whether the /usr/bin/g++ linker (/usr/bin/ld -m elf_x86_64) supports shared libraries
configure:10597: result: yes
configure:10633: /usr/bin/g++ -c -g -O2 -w -std=c++11 -I/home/harold/Dev/privateer_python/dependencies/include conftest.cpp >&5
configure:10636: $? = 0
configure:11156: checking for /usr/bin/g++ option to produce PIC
configure:11163: result: -fPIC -DPIC
configure:11171: checking if /usr/bin/g++ PIC flag -fPIC -DPIC works
configure:11189: /usr/bin/g++ -c -g -O2 -w -std=c++11 -I/home/harold/Dev/privateer_python/dependencies/include -fPIC -DPIC -DPIC conftest.cpp >&5
configure:11193: $? = 0
configure:11206: result: yes
configure:11229: checking if /usr/bin/g++ static flag -static works
configure:11257: result: yes
configure:11269: checking if /usr/bin/g++ supports -c -o file.o
configure:11290: /usr/bin/g++ -c -g -O2 -w -std=c++11 -I/home/harold/Dev/privateer_python/dependencies/include -o out/conftest2.o conftest.cpp >&5
configure:11294: $? = 0
configure:11316: result: yes
configure:11321: checking if /usr/bin/g++ supports -c -o file.o
configure:11368: result: yes
configure:11398: checking whether the /usr/bin/g++ linker (/usr/bin/ld -m elf_x86_64) supports shared libraries
configure:11434: result: yes
configure:11575: checking dynamic linker characteristics
configure:12246: result: GNU/Linux ld.so
configure:12299: checking how to hardcode library paths into programs
configure:12324: result: immediate
configure:11323: checking whether to enable maintainer-specific portions of Makefiles
configure:11332: result: no
configure:15106: checking for library containing cos
configure:15145: /usr/bin/gcc -o conftest -g -O2 -I/home/harold/Dev/privateer_python/dependencies/include -L/home/harold/Dev/privateer_python/dependencies/lib -L/home/harold/Dev/privateer_python/dependencies/lib64 conftest.c  >&5
conftest.c:30:6: warning: conflicting types for built-in function 'cos'; expected 'double(double)' [-Wbuiltin-declaration-mismatch]
   30 | char cos ();
      |      ^~~
conftest.c:1:1: note: 'cos' is declared in header '<math.h>'
    1 | /* confdefs.h */
/usr/bin/ld: /tmp/ccsBEXHJ.o: in function `main':
/home/harold/Dev/privateer_python/dependencies/clipper/trunk/conftest.c:42: undefined reference to `cos'
collect2: error: ld returned 1 exit status
configure:15145: $? = 1
configure: failed program was:
| /* confdefs.h */
| #define PACKAGE_NAME "clipper"
| #define PACKAGE_TARNAME "clipper"
| #define PACKAGE_VERSION "2.1"
| #define PACKAGE_STRING "clipper 2.1"
| #define PACKAGE_BUGREPORT ""
| #define PACKAGE_URL ""
| #define PACKAGE "clipper"
| #define VERSION "2.1"
| #define STDC_HEADERS 1
| #define HAVE_SYS_TYPES_H 1
| #define HAVE_SYS_STAT_H 1
| #define HAVE_STDLIB_H 1
| #define HAVE_STRING_H 1
| #define HAVE_MEMORY_H 1
| #define HAVE_STRINGS_H 1
| #define HAVE_INTTYPES_H 1
| #define HAVE_STDINT_H 1
| #define HAVE_UNISTD_H 1
| #define HAVE_DLFCN_H 1
| #define LT_OBJDIR ".libs/"
| /* end confdefs.h.  */
| 
| /* Override any GCC internal prototype to avoid an error.
|    Use char because int might match the return type of a GCC
|    builtin and then its argument prototype would still apply.  */
| #ifdef __cplusplus
| extern "C"
| #endif
| char cos ();
| #ifdef F77_DUMMY_MAIN
| 
| #  ifdef __cplusplus
|      extern "C"
| #  endif
|    int F77_DUMMY_MAIN() { return 1; }
| 
| #endif
| int
| main ()
| {
| return cos ();
|   ;
|   return 0;
| }
configure:15145: /usr/bin/gcc -o conftest -g -O2 -I/home/harold/Dev/privateer_python/dependencies/include -L/home/harold/Dev/privateer_python/dependencies/lib -L/home/harold/Dev/privateer_python/dependencies/lib64 conftest.c -lm   >&5
conftest.c:30:6: warning: conflicting types for built-in function 'cos'; expected 'double(double)' [-Wbuiltin-declaration-mismatch]
   30 | char cos ();
      |      ^~~
conftest.c:1:1: note: 'cos' is declared in header '<math.h>'
    1 | /* confdefs.h */
configure:15145: $? = 0
configure:15162: result: -lm
configure:15182: checking for PE-standard FFTW2 (fftw.h)
configure:15215: /usr/bin/g++ -o conftest -g -O2 -w -std=c++11 -I/home/harold/Dev/privateer_python/dependencies/include -L/home/harold/Dev/privateer_python/dependencies/lib -L/home/harold/Dev/privateer_python/dependencies/lib64 conftest.cpp -L/home/harold/Dev/privateer_python/dependencies/lib -lrfftw -lfftw -lm  >&5
configure:15215: $? = 0
configure:15222: result: yes
configure:15466: checking for the pthreads library -lpthreads
configure:15512: /usr/bin/gcc -o conftest -g -O2  -I/home/harold/Dev/privateer_python/dependencies/include -L/home/harold/Dev/privateer_python/dependencies/lib -L/home/harold/Dev/privateer_python/dependencies/lib64 conftest.c -lpthreads -lm  >&5
/usr/bin/ld: cannot find -lpthreads
collect2: error: ld returned 1 exit status
configure:15512: $? = 1
configure: failed program was:
| /* confdefs.h */
| #define PACKAGE_NAME "clipper"
| #define PACKAGE_TARNAME "clipper"
| #define PACKAGE_VERSION "2.1"
| #define PACKAGE_STRING "clipper 2.1"
| #define PACKAGE_BUGREPORT ""
| #define PACKAGE_URL ""
| #define PACKAGE "clipper"
| #define VERSION "2.1"
| #define STDC_HEADERS 1
| #define HAVE_SYS_TYPES_H 1
| #define HAVE_SYS_STAT_H 1
| #define HAVE_STDLIB_H 1
| #define HAVE_STRING_H 1
| #define HAVE_MEMORY_H 1
| #define HAVE_STRINGS_H 1
| #define HAVE_INTTYPES_H 1
| #define HAVE_STDINT_H 1
| #define HAVE_UNISTD_H 1
| #define HAVE_DLFCN_H 1
| #define LT_OBJDIR ".libs/"
| /* end confdefs.h.  */
| #include <pthread.h>
|                         static void routine(void *a) { a = 0; }
|                         static void *start_routine(void *a) { return a; }
| #ifdef F77_DUMMY_MAIN
| 
| #  ifdef __cplusplus
|      extern "C"
| #  endif
|    int F77_DUMMY_MAIN() { return 1; }
| 
| #endif
| int
| main ()
| {
| pthread_t th; pthread_attr_t attr;
|                         pthread_create(&th, 0, start_routine, 0);
|                         pthread_join(th, 0);
|                         pthread_attr_init(&attr);
|                         pthread_cleanup_push(routine, 0);
|                         pthread_cleanup_pop(0) /* ; */
|   ;
|   return 0;
| }
configure:15521: result: no
configure:15466: checking for the pthreads library -lpthread
configure:15512: /usr/bin/gcc -o conftest -g -O2  -I/home/harold/Dev/privateer_python/dependencies/include -L/home/harold/Dev/privateer_python/dependencies/lib -L/home/harold/Dev/privateer_python/dependencies/lib64 conftest.c -lpthread -lm  >&5
configure:15512: $? = 0
configure:15521: result: yes
configure:15540: checking for joinable pthread attribute
configure:15563: /usr/bin/gcc -o conftest -g -O2  -I/home/harold/Dev/privateer_python/dependencies/include -L/home/harold/Dev/privateer_python/dependencies/lib -L/home/harold/Dev/privateer_python/dependencies/lib64 conftest.c -lpthread -lm  >&5
configure:15563: $? = 0
configure:15569: result: PTHREAD_CREATE_JOINABLE
configure:15579: checking if more special flags are required for pthreads
configure:15593: result: no
configure:15599: checking for PTHREAD_PRIO_INHERIT
configure:15625: /usr/bin/gcc -o conftest -g -O2  -I/home/harold/Dev/privateer_python/dependencies/include -L/home/harold/Dev/privateer_python/dependencies/lib -L/home/harold/Dev/privateer_python/dependencies/lib64 conftest.c -lpthread -lm  >&5
configure:15625: $? = 0
configure:15634: result: yes
configure:15740: checking for MMDB_CCIF_Init in -lmmdb2
configure:15773: /usr/bin/g++ -o conftest -g -O2 -w -std=c++11 -I/home/harold/Dev/privateer_python/dependencies/include -L/home/harold/Dev/privateer_python/dependencies/lib -L/home/harold/Dev/privateer_python/dependencies/lib64 conftest.cpp -lmmdb2  -lm  >&5
configure:15773: $? = 0
configure:15782: result: yes
configure:15791: checking mmdb2/mmdb_manager.h usability
configure:15791: /usr/bin/g++ -c -g -O2 -w -std=c++11 -I/home/harold/Dev/privateer_python/dependencies/include conftest.cpp >&5
configure:15791: $? = 0
configure:15791: result: yes
configure:15791: checking mmdb2/mmdb_manager.h presence
configure:15791: /usr/bin/g++ -E -I/home/harold/Dev/privateer_python/dependencies/include conftest.cpp
configure:15791: $? = 0
configure:15791: result: yes
configure:15791: checking for mmdb2/mmdb_manager.h
configure:15791: result: yes
configure:15810: checking for ccp4_banner in -lccp4c
configure:15843: /usr/bin/gcc -o conftest -g -O2 -I/home/harold/Dev/privateer_python/dependencies/include -L/home/harold/Dev/privateer_python/dependencies/lib -L/home/harold/Dev/privateer_python/dependencies/lib64 conftest.c -lccp4c  -lm  >&5
configure:15843: $? = 0
configure:15852: result: yes
configure:15860: checking ccp4/ccp4_general.h usability
configure:15860: /usr/bin/gcc -c -g -O2 -I/home/harold/Dev/privateer_python/dependencies/include conftest.c >&5
configure:15860: $? = 0
configure:15860: result: yes
configure:15860: checking ccp4/ccp4_general.h presence
configure:15860: /usr/bin/gcc -E -I/home/harold/Dev/privateer_python/dependencies/include conftest.c
configure:15860: $? = 0
configure:15860: result: yes
configure:15860: checking for ccp4/ccp4_general.h
configure:15860: result: yes
configure:16033: checking that generated files are newer than configure
configure:16039: result: done
configure:16110: creating ./config.status

## ---------------------- ##
## Running config.status. ##
## ---------------------- ##

This file was extended by clipper config.status 2.1, which was
generated by GNU Autoconf 2.69.  Invocation command line was

  CONFIG_FILES    = 
  CONFIG_HEADERS  = 
  CONFIG_LINKS    = 
  CONFIG_COMMANDS = 
  $ ./config.status 

on victoria

config.status:1232: creating Makefile
config.status:1232: creating clipper/Makefile
config.status:1232: creating clipper/core/Makefile
config.status:1232: creating clipper/contrib/Makefile
config.status:1232: creating examples/Makefile
config.status:1232: creating clipper.pc
config.status:1232: creating config.h
config.status:1461: executing depfiles commands
config.status:1461: executing libtool commands
configure:18839: WARNING: unrecognized options: --disable-Werror

## ---------------- ##
## Cache variables. ##
## ---------------- ##

ac_cv_build=x86_64-unknown-linux-gnu
ac_cv_c_compiler_gnu=yes
ac_cv_cxx_compiler_gnu=yes
ac_cv_env_CCC_set=
ac_cv_env_CCC_value=
ac_cv_env_CC_set=set
ac_cv_env_CC_value=/usr/bin/gcc
ac_cv_env_CFLAGS_set=
ac_cv_env_CFLAGS_value=
ac_cv_env_CPPFLAGS_set=set
ac_cv_env_CPPFLAGS_value=-I/home/harold/Dev/privateer_python/dependencies/include
ac_cv_env_CPP_set=
ac_cv_env_CPP_value=
ac_cv_env_CXXCPP_set=
ac_cv_env_CXXCPP_value=
ac_cv_env_CXXFLAGS_set=set
ac_cv_env_CXXFLAGS_value='-g -O2 -w -std=c++11'
ac_cv_env_CXX_set=set
ac_cv_env_CXX_value=/usr/bin/g++
ac_cv_env_F77_set=
ac_cv_env_F77_value=
ac_cv_env_FFLAGS_set=
ac_cv_env_FFLAGS_value=
ac_cv_env_LDFLAGS_set=set
ac_cv_env_LDFLAGS_value='-L/home/harold/Dev/privateer_python/dependencies/lib -L/home/harold/Dev/privateer_python/dependencies/lib64'
ac_cv_env_LIBS_set=
ac_cv_env_LIBS_value=
ac_cv_env_build_alias_set=
ac_cv_env_build_alias_value=
ac_cv_env_host_alias_set=
ac_cv_env_host_alias_value=
ac_cv_env_target_alias_set=
ac_cv_env_target_alias_value=
ac_cv_header_ccp4_ccp4_general_h=yes
ac_cv_header_dlfcn_h=yes
ac_cv_header_inttypes_h=yes
ac_cv_header_memory_h=yes
ac_cv_header_mmdb2_mmdb_manager_h=yes
ac_cv_header_stdc=yes
ac_cv_header_stdint_h=yes
ac_cv_header_stdlib_h=yes
ac_cv_header_string_h=yes
ac_cv_header_strings_h=yes
ac_cv_header_sys_stat_h=yes
ac_cv_header_sys_types_h=yes
ac_cv_header_unistd_h=yes
ac_cv_host=x86_64-unknown-linux-gnu
ac_cv_lib_ccp4c_ccp4_banner=yes
ac_cv_lib_mmdb2_MMDB_CCIF_Init=yes
ac_cv_objext=o
ac_cv_path_EGREP='/usr/bin/grep -E'
ac_cv_path_FGREP='/usr/bin/grep -F'
ac_cv_path_GREP=/usr/bin/grep
ac_cv_path_SED=/usr/bin/sed
ac_cv_path_install='/usr/bin/install -c'
ac_cv_path_mkdir=/usr/bin/mkdir
ac_cv_prog_AWK=mawk
ac_cv_prog_CPP='/usr/bin/gcc -E'
ac_cv_prog_CXXCPP='/usr/bin/g++ -E'
ac_cv_prog_ac_ct_AR=ar
ac_cv_prog_ac_ct_CC=/usr/bin/gcc
ac_cv_prog_ac_ct_MANIFEST_TOOL=mt
ac_cv_prog_ac_ct_OBJDUMP=objdump
ac_cv_prog_ac_ct_RANLIB=ranlib
ac_cv_prog_ac_ct_STRIP=strip
ac_cv_prog_cc_c89=
ac_cv_prog_cc_g=yes
ac_cv_prog_cxx_g=yes
ac_cv_prog_make_make_set=yes
ac_cv_search_cos=-lm
am_cv_CC_dependencies_compiler_type=gcc3
am_cv_CXX_dependencies_compiler_type=gcc3
am_cv_ar_interface=ar
am_cv_make_support_nested_variables=yes
ax_cv_PTHREAD_PRIO_INHERIT=yes
lt_cv_ar_at_file=@
lt_cv_archive_cmds_need_lc=no
lt_cv_deplibs_check_method=pass_all
lt_cv_file_magic_cmd='$MAGIC_CMD'
lt_cv_file_magic_test_file=
lt_cv_ld_reload_flag=-r
lt_cv_nm_interface='BSD nm'
lt_cv_objdir=.libs
lt_cv_path_LD=/usr/bin/ld
lt_cv_path_LDCXX='/usr/bin/ld -m elf_x86_64'
lt_cv_path_NM='/usr/bin/nm -B'
lt_cv_path_mainfest_tool=no
lt_cv_prog_compiler_c_o=yes
lt_cv_prog_compiler_c_o_CXX=yes
lt_cv_prog_compiler_pic='-fPIC -DPIC'
lt_cv_prog_compiler_pic_CXX='-fPIC -DPIC'
lt_cv_prog_compiler_pic_works=yes
lt_cv_prog_compiler_pic_works_CXX=yes
lt_cv_prog_compiler_rtti_exceptions=no
lt_cv_prog_compiler_static_works=yes
lt_cv_prog_compiler_static_works_CXX=yes
lt_cv_prog_gnu_ld=yes
lt_cv_prog_gnu_ldcxx=yes
lt_cv_sharedlib_from_linklib_cmd='printf %s\n'
lt_cv_shlibpath_overrides_runpath=yes
lt_cv_sys_global_symbol_pipe='sed -n -e '\''s/^.*[	 ]\([ABCDGIRSTW][ABCDGIRSTW]*\)[	 ][	 ]*\([_A-Za-z][_A-Za-z0-9]*\)$/\1 \2 \2/p'\'' | sed '\''/ __gnu_lto/d'\'''
lt_cv_sys_global_symbol_to_c_name_address='sed -n -e '\''s/^: \([^ ]*\)[ ]*$/  {\"\1\", (void *) 0},/p'\'' -e '\''s/^[ABCDGIRSTW]* \([^ ]*\) \([^ ]*\)$/  {"\2", (void *) \&\2},/p'\'''
lt_cv_sys_global_symbol_to_c_name_address_lib_prefix='sed -n -e '\''s/^: \([^ ]*\)[ ]*$/  {\"\1\", (void *) 0},/p'\'' -e '\''s/^[ABCDGIRSTW]* \([^ ]*\) \(lib[^ ]*\)$/  {"\2", (void *) \&\2},/p'\'' -e '\''s/^[ABCDGIRSTW]* \([^ ]*\) \([^ ]*\)$/  {"lib\2", (void *) \&\2},/p'\'''
lt_cv_sys_global_symbol_to_cdecl='sed -n -e '\''s/^T .* \(.*\)$/extern int \1();/p'\'' -e '\''s/^[ABCDGIRSTW]* .* \(.*\)$/extern char \1;/p'\'''
lt_cv_sys_max_cmd_len=1572864
lt_cv_to_host_file_cmd=func_convert_file_noop
lt_cv_to_tool_file_cmd=func_convert_file_noop

## ----------------- ##
## Output variables. ##
## ----------------- ##

ACLOCAL='${SHELL} /home/harold/Dev/privateer_python/dependencies/clipper/trunk/build-aux/missing aclocal-1.13'
AMDEPBACKSLASH='\'
AMDEP_FALSE='#'
AMDEP_TRUE=''
AMTAR='$${TAR-tar}'
AM_BACKSLASH='\'
AM_DEFAULT_V='$(AM_DEFAULT_VERBOSITY)'
AM_DEFAULT_VERBOSITY='1'
AM_V='$(V)'
AR='ar'
AUTOCONF='${SHELL} /home/harold/Dev/privateer_python/dependencies/clipper/trunk/build-aux/missing autoconf'
AUTOHEADER='${SHELL} /home/harold/Dev/privateer_python/dependencies/clipper/trunk/build-aux/missing autoheader'
AUTOMAKE='${SHELL} /home/harold/Dev/privateer_python/dependencies/clipper/trunk/build-aux/missing automake-1.13'
AWK='mawk'
BUILD_CCP4_FALSE='#'
BUILD_CCP4_TRUE=''
BUILD_CCTBX_FALSE=''
BUILD_CCTBX_TRUE='#'
BUILD_CIF_FALSE='#'
BUILD_CIF_TRUE=''
BUILD_CNS_FALSE='#'
BUILD_CNS_TRUE=''
BUILD_CONTRIB_FALSE='#'
BUILD_CONTRIB_TRUE=''
BUILD_FORTRAN_FALSE=''
BUILD_FORTRAN_TRUE='#'
BUILD_MINIMOL_FALSE='#'
BUILD_MINIMOL_TRUE=''
BUILD_MMDBOLD_FALSE=''
BUILD_MMDBOLD_TRUE='#'
BUILD_MMDB_FALSE='#'
BUILD_MMDB_TRUE=''
BUILD_PHS_FALSE='#'
BUILD_PHS_TRUE=''
CC='/usr/bin/gcc'
CCDEPMODE='depmode=gcc3'
CFLAGS='-g -O2'
CLIPPER_LIBS='-lclipper-ccp4 -lclipper-cif -lclipper-minimol -lclipper-mmdb -lclipper-cns -lclipper-phs -lclipper-contrib -lclipper-core'
CLIPPER_REQUIRES='libccp4c mmdb2'
CPP='/usr/bin/gcc -E'
CPPFLAGS='-I/home/harold/Dev/privateer_python/dependencies/include'
CXX='/usr/bin/g++'
CXXCPP='/usr/bin/g++ -E'
CXXDEPMODE='depmode=gcc3'
CXXFLAGS='-g -O2 -w -std=c++11'
CYGPATH_W='echo'
DEFS='-DHAVE_CONFIG_H'
DEPDIR='.deps'
DLLTOOL='false'
DSYMUTIL=''
DUMPBIN=''
ECHO_C=''
ECHO_N='-n'
ECHO_T=''
EGREP='/usr/bin/grep -E'
EXEEXT=''
F77=''
FFLAGS=''
FFTW2_CPPFLAGS='-I/home/harold/Dev/privateer_python/dependencies/include'
FFTW2_LIBS='-L/home/harold/Dev/privateer_python/dependencies/lib -lrfftw -lfftw'
FGREP='/usr/bin/grep -F'
FLIBS=''
GREP='/usr/bin/grep'
INSTALL_DATA='${INSTALL} -m 644'
INSTALL_PROGRAM='${INSTALL}'
INSTALL_SCRIPT='${INSTALL}'
INSTALL_STRIP_PROGRAM='$(install_sh) -c -s'
LD='/usr/bin/ld -m elf_x86_64'
LDFLAGS='-L/home/harold/Dev/privateer_python/dependencies/lib -L/home/harold/Dev/privateer_python/dependencies/lib64'
LIBOBJS=''
LIBS='-lm '
LIBTOOL='$(SHELL) $(top_builddir)/libtool'
LIPO=''
LN_S='ln -s'
LTLIBOBJS=''
MAINT='#'
MAINTAINER_MODE_FALSE=''
MAINTAINER_MODE_TRUE='#'
MAKEINFO='${SHELL} /home/harold/Dev/privateer_python/dependencies/clipper/trunk/build-aux/missing makeinfo'
MANIFEST_TOOL=':'
MKDIR_P='/usr/bin/mkdir -p'
NM='/usr/bin/nm -B'
NMEDIT=''
OBJDUMP='objdump'
OBJEXT='o'
OTOOL64=''
OTOOL=''
PACKAGE='clipper'
PACKAGE_BUGREPORT=''
PACKAGE_NAME='clipper'
PACKAGE_STRING='clipper 2.1'
PACKAGE_TARNAME='clipper'
PACKAGE_URL=''
PACKAGE_VERSION='2.1'
PATH_SEPARATOR=':'
PTHREAD_CC='/usr/bin/gcc'
PTHREAD_CFLAGS=''
PTHREAD_LIBS='-lpthread'
RANLIB='ranlib'
SED='/usr/bin/sed'
SET_MAKE=''
SHELL='/bin/bash'
STRIP='strip'
VERSION='2.1'
VERSION_INFO='-version-info 2:1'
ac_ct_AR='ar'
ac_ct_CC='/usr/bin/gcc'
ac_ct_CXX=''
ac_ct_DUMPBIN=''
ac_ct_F77=''
am__EXEEXT_FALSE=''
am__EXEEXT_TRUE='#'
am__fastdepCC_FALSE='#'
am__fastdepCC_TRUE=''
am__fastdepCXX_FALSE='#'
am__fastdepCXX_TRUE=''
am__include='include'
am__isrc=''
am__leading_dot='.'
am__nodep='_no'
am__quote=''
am__tar='$${TAR-tar} chof - "$$tardir"'
am__untar='$${TAR-tar} xf -'
ax_pthread_config=''
bindir='${exec_prefix}/bin'
build='x86_64-unknown-linux-gnu'
build_alias=''
build_cpu='x86_64'
build_os='linux-gnu'
build_vendor='unknown'
datadir='${datarootdir}'
datarootdir='${prefix}/share'
docdir='${datarootdir}/doc/${PACKAGE_TARNAME}'
dvidir='${docdir}'
exec_prefix='${prefix}'
host='x86_64-unknown-linux-gnu'
host_alias=''
host_cpu='x86_64'
host_os='linux-gnu'
host_vendor='unknown'
htmldir='${docdir}'
includedir='${prefix}/include'
infodir='${datarootdir}/info'
install_sh='${SHELL} /home/harold/Dev/privateer_python/dependencies/clipper/trunk/build-aux/install-sh'
libdir='${exec_prefix}/lib'
libexecdir='${exec_prefix}/libexec'
localedir='${datarootdir}/locale'
localstatedir='${prefix}/var'
mandir='${datarootdir}/man'
mkdir_p='$(MKDIR_P)'
oldincludedir='/usr/include'
pdfdir='${docdir}'
prefix='/home/harold/Dev/privateer_python/dependencies'
program_transform_name='s,x,x,'
psdir='${docdir}'
sbindir='${exec_prefix}/sbin'
sharedstatedir='${prefix}/com'
sysconfdir='${prefix}/etc'
target_alias=''

## ----------- ##
## confdefs.h. ##
## ----------- ##

/* confdefs.h */
#define PACKAGE_NAME "clipper"
#define PACKAGE_TARNAME "clipper"
#define PACKAGE_VERSION "2.1"
#define PACKAGE_STRING "clipper 2.1"
#define PACKAGE_BUGREPORT ""
#define PACKAGE_URL ""
#define PACKAGE "clipper"
#define VERSION "2.1"
#define STDC_HEADERS 1
#define HAVE_SYS_TYPES_H 1
#define HAVE_SYS_STAT_H 1
#define HAVE_STDLIB_H 1
#define HAVE_STRING_H 1
#define HAVE_MEMORY_H 1
#define HAVE_STRINGS_H 1
#define HAVE_INTTYPES_H 1
#define HAVE_STDINT_H 1
#define HAVE_UNISTD_H 1
#define HAVE_DLFCN_H 1
#define LT_OBJDIR ".libs/"
#define HAVE_PTHREAD_PRIO_INHERIT 1
#define HAVE_PTHREAD 1

configure: exit 0
