This file contains any messages produced by compilers while
running configure, to aid debugging if configure makes a mistake.

It was created by libccp4 configure 7.0.0, which was
generated by GNU Autoconf 2.69.  Invocation command line was

  $ ./configure CXXFLAGS=-g -O2 -w -std=c++11 CCFLAGS=-g -O2 -w --prefix=/home/harold/Dev/privateer_python/dependencies --disable-Werror --enable-silent-rules --enable-shared --disable-static

## --------- ##
## Platform. ##
## --------- ##

hostname = victoria
uname -m = x86_64
uname -r = 5.11.0-40-generic
uname -s = Linux
uname -v = #44~20.04.2-Ubuntu SMP Tue Oct 26 18:07:44 UTC 2021

/usr/bin/uname -p = x86_64
/bin/uname -X     = unknown

/bin/arch              = x86_64
/usr/bin/arch -k       = unknown
/usr/convex/getsysinfo = unknown
/usr/bin/hostinfo      = unknown
/bin/machine           = unknown
/usr/bin/oslevel       = unknown
/bin/universe          = unknown

PATH: /home/harold/Dev/privateer_python/privateerpython/bin
PATH: /home/harold/miniconda3/condabin
PATH: /home/harold/.local/bin
PATH: /home/harold/.local/bin
PATH: /usr/local/sbin
PATH: /usr/local/bin
PATH: /usr/sbin
PATH: /usr/bin
PATH: /sbin
PATH: /bin
PATH: /usr/games
PATH: /usr/local/games
PATH: /snap/bin
PATH: /home/harold/.dotnet/tools


## ----------- ##
## Core tests. ##
## ----------- ##

configure:2399: checking for a BSD-compatible install
configure:2467: result: /usr/bin/install -c
configure:2478: checking whether build environment is sane
configure:2533: result: yes
configure:2682: checking for a thread-safe mkdir -p
configure:2721: result: /usr/bin/mkdir -p
configure:2728: checking for gawk
configure:2758: result: no
configure:2728: checking for mawk
configure:2744: found /usr/bin/mawk
configure:2755: result: mawk
configure:2766: checking whether make sets $(MAKE)
configure:2788: result: yes
configure:2817: checking whether make supports nested variables
configure:2834: result: yes
configure:2930: checking for style of include used by make
configure:2958: result: GNU
configure:3029: checking for gcc
configure:3056: result: /usr/bin/gcc
configure:3285: checking for C compiler version
configure:3294: /usr/bin/gcc --version >&5
gcc (Ubuntu 9.3.0-17ubuntu1~20.04) 9.3.0
Copyright (C) 2019 Free Software Foundation, Inc.
This is free software; see the source for copying conditions.  There is NO
warranty; not even for MERCHANTABILITY or FITNESS FOR A PARTICULAR PURPOSE.

configure:3305: $? = 0
configure:3294: /usr/bin/gcc -v >&5
Using built-in specs.
COLLECT_GCC=/usr/bin/gcc
COLLECT_LTO_WRAPPER=/usr/lib/gcc/x86_64-linux-gnu/9/lto-wrapper
OFFLOAD_TARGET_NAMES=nvptx-none:hsa
OFFLOAD_TARGET_DEFAULT=1
Target: x86_64-linux-gnu
Configured with: ../src/configure -v --with-pkgversion='Ubuntu 9.3.0-17ubuntu1~20.04' --with-bugurl=file:///usr/share/doc/gcc-9/README.Bugs --enable-languages=c,ada,c++,go,brig,d,fortran,objc,obj-c++,gm2 --prefix=/usr --with-gcc-major-version-only --program-suffix=-9 --program-prefix=x86_64-linux-gnu- --enable-shared --enable-linker-build-id --libexecdir=/usr/lib --without-included-gettext --enable-threads=posix --libdir=/usr/lib --enable-nls --enable-clocale=gnu --enable-libstdcxx-debug --enable-libstdcxx-time=yes --with-default-libstdcxx-abi=new --enable-gnu-unique-object --disable-vtable-verify --enable-plugin --enable-default-pie --with-system-zlib --with-target-system-zlib=auto --enable-objc-gc=auto --enable-multiarch --disable-werror --with-arch-32=i686 --with-abi=m64 --with-multilib-list=m32,m64,mx32 --enable-multilib --with-tune=generic --enable-offload-targets=nvptx-none=/build/gcc-9-HskZEa/gcc-9-9.3.0/debian/tmp-nvptx/usr,hsa --without-cuda-driver --enable-checking=release --build=x86_64-linux-gnu --host=x86_64-linux-gnu --target=x86_64-linux-gnu
Thread model: posix
gcc version 9.3.0 (Ubuntu 9.3.0-17ubuntu1~20.04) 
configure:3305: $? = 0
configure:3294: /usr/bin/gcc -V >&5
gcc: error: unrecognized command line option '-V'
gcc: fatal error: no input files
compilation terminated.
configure:3305: $? = 1
configure:3294: /usr/bin/gcc -qversion >&5
gcc: error: unrecognized command line option '-qversion'; did you mean '--version'?
gcc: fatal error: no input files
compilation terminated.
configure:3305: $? = 1
configure:3325: checking whether the C compiler works
configure:3347: /usr/bin/gcc  -I/home/harold/Dev/privateer_python/dependencies/include -L/home/harold/Dev/privateer_python/dependencies/lib -L/home/harold/Dev/privateer_python/dependencies/lib64 conftest.c  >&5
configure:3351: $? = 0
configure:3399: result: yes
configure:3402: checking for C compiler default output file name
configure:3404: result: a.out
configure:3410: checking for suffix of executables
configure:3417: /usr/bin/gcc -o conftest  -I/home/harold/Dev/privateer_python/dependencies/include -L/home/harold/Dev/privateer_python/dependencies/lib -L/home/harold/Dev/privateer_python/dependencies/lib64 conftest.c  >&5
configure:3421: $? = 0
configure:3443: result: 
configure:3465: checking whether we are cross compiling
configure:3473: /usr/bin/gcc -o conftest  -I/home/harold/Dev/privateer_python/dependencies/include -L/home/harold/Dev/privateer_python/dependencies/lib -L/home/harold/Dev/privateer_python/dependencies/lib64 conftest.c  >&5
configure:3477: $? = 0
configure:3484: ./conftest
configure:3488: $? = 0
configure:3476: result: no
configure:3481: checking for suffix of object files
configure:3503: /usr/bin/gcc -c  -I/home/harold/Dev/privateer_python/dependencies/include conftest.c >&5
configure:3507: $? = 0
configure:3528: result: o
configure:3532: checking whether we are using the GNU C compiler
configure:3551: /usr/bin/gcc -c  -I/home/harold/Dev/privateer_python/dependencies/include conftest.c >&5
configure:3551: $? = 0
configure:3560: result: yes
configure:3569: checking whether /usr/bin/gcc accepts -g
configure:3589: /usr/bin/gcc -c -g -I/home/harold/Dev/privateer_python/dependencies/include conftest.c >&5
configure:3589: $? = 0
configure:3630: result: yes
configure:3647: checking for /usr/bin/gcc option to accept ISO C89
configure:3710: /usr/bin/gcc  -c -g -O2 -I/home/harold/Dev/privateer_python/dependencies/include conftest.c >&5
configure:3710: $? = 0
configure:3723: result: none needed
configure:3745: checking dependency style of /usr/bin/gcc
configure:3856: result: gcc3
configure:3921: checking for ar
configure:3937: found /usr/bin/ar
configure:3948: result: ar
configure:3974: checking the archiver (ar) interface
configure:3984: /usr/bin/gcc -c -g -O2 -I/home/harold/Dev/privateer_python/dependencies/include conftest.c >&5
configure:3984: $? = 0
configure:3986: ar cru libconftest.a conftest.o >&5
ar: `u' modifier ignored since `D' is the default (see `U')
configure:3989: $? = 0
configure:3988: result: ar
configure:4037: checking build system type
configure:4051: result: x86_64-unknown-linux-gnu
configure:4071: checking host system type
configure:4084: result: x86_64-unknown-linux-gnu
configure:4125: checking how to print strings
configure:4152: result: printf
configure:4173: checking for a sed that does not truncate output
configure:4237: result: /usr/bin/sed
configure:4255: checking for grep that handles long lines and -e
configure:4313: result: /usr/bin/grep
configure:4318: checking for egrep
configure:4380: result: /usr/bin/grep -E
configure:4385: checking for fgrep
configure:4447: result: /usr/bin/grep -F
configure:4482: checking for ld used by /usr/bin/gcc
configure:4549: result: /usr/bin/ld
configure:4556: checking if the linker (/usr/bin/ld) is GNU ld
configure:4571: result: yes
configure:4583: checking for BSD- or MS-compatible name lister (nm)
configure:4632: result: /usr/bin/nm -B
configure:4762: checking the name lister (/usr/bin/nm -B) interface
configure:4769: /usr/bin/gcc -c -g -O2 -I/home/harold/Dev/privateer_python/dependencies/include conftest.c >&5
configure:4772: /usr/bin/nm -B "conftest.o"
configure:4775: output
0000000000000000 B some_variable
configure:4776: result: BSD nm
configure:4779: checking whether ln -s works
configure:4783: result: yes
configure:4791: checking the maximum length of command line arguments
configure:4921: result: 1572864
configure:4938: checking whether the shell understands some XSI constructs
configure:4947: result: yes
configure:4951: checking whether the shell understands "+="
configure:4955: result: yes
configure:4990: checking how to convert x86_64-unknown-linux-gnu file names to x86_64-unknown-linux-gnu format
configure:5030: result: func_convert_file_noop
configure:5037: checking how to convert x86_64-unknown-linux-gnu file names to toolchain format
configure:5057: result: func_convert_file_noop
configure:5064: checking for /usr/bin/ld option to reload object files
configure:5071: result: -r
configure:5145: checking for objdump
configure:5161: found /usr/bin/objdump
configure:5172: result: objdump
configure:5201: checking how to recognize dependent libraries
configure:5403: result: pass_all
configure:5488: checking for dlltool
configure:5518: result: no
configure:5545: checking how to associate runtime and link libraries
configure:5572: result: printf %s\n
configure:5696: checking for archiver @FILE support
configure:5713: /usr/bin/gcc -c -g -O2 -I/home/harold/Dev/privateer_python/dependencies/include conftest.c >&5
configure:5713: $? = 0
configure:5716: ar cru libconftest.a @conftest.lst >&5
ar: `u' modifier ignored since `D' is the default (see `U')
configure:5719: $? = 0
configure:5724: ar cru libconftest.a @conftest.lst >&5
ar: `u' modifier ignored since `D' is the default (see `U')
ar: conftest.o: No such file or directory
configure:5727: $? = 1
configure:5726: result: @
configure:5784: checking for strip
configure:5800: found /usr/bin/strip
configure:5811: result: strip
configure:5883: checking for ranlib
configure:5899: found /usr/bin/ranlib
configure:5910: result: ranlib
configure:6012: checking command to parse /usr/bin/nm -B output from /usr/bin/gcc object
configure:6132: /usr/bin/gcc -c -g -O2 -I/home/harold/Dev/privateer_python/dependencies/include conftest.c >&5
configure:6135: $? = 0
configure:6139: /usr/bin/nm -B conftest.o \| sed -n -e 's/^.*[ ]\([ABCDGIRSTW][ABCDGIRSTW]*\)[ ][ ]*\([_A-Za-z][_A-Za-z0-9]*\)$/\1 \2 \2/p' | sed '/ __gnu_lto/d' \> conftest.nm
configure:6142: $? = 0
configure:6208: /usr/bin/gcc -o conftest -g -O2 -I/home/harold/Dev/privateer_python/dependencies/include -L/home/harold/Dev/privateer_python/dependencies/lib -L/home/harold/Dev/privateer_python/dependencies/lib64 conftest.c conftstm.o >&5
configure:6211: $? = 0
configure:6249: result: ok
configure:6286: checking for sysroot
configure:6316: result: no
configure:6393: /usr/bin/gcc -c -g -O2 -I/home/harold/Dev/privateer_python/dependencies/include conftest.c >&5
configure:6396: $? = 0
configure:6572: checking for mt
configure:6588: found /usr/bin/mt
configure:6599: result: mt
configure:6622: checking if mt is a manifest tool
configure:6628: mt '-?'
configure:6636: result: no
configure:7278: checking how to run the C preprocessor
configure:7309: /usr/bin/gcc -E -I/home/harold/Dev/privateer_python/dependencies/include conftest.c
configure:7309: $? = 0
configure:7323: /usr/bin/gcc -E -I/home/harold/Dev/privateer_python/dependencies/include conftest.c
conftest.c:11:10: fatal error: ac_nonexistent.h: No such file or directory
   11 | #include <ac_nonexistent.h>
      |          ^~~~~~~~~~~~~~~~~~
compilation terminated.
configure:7323: $? = 1
configure: failed program was:
| /* confdefs.h */
| #define PACKAGE_NAME "libccp4"
| #define PACKAGE_TARNAME "libccp4"
| #define PACKAGE_VERSION "7.0.0"
| #define PACKAGE_STRING "libccp4 7.0.0"
| #define PACKAGE_BUGREPORT ""
| #define PACKAGE_URL ""
| #define PACKAGE "libccp4"
| #define VERSION "7.0.0"
| /* end confdefs.h.  */
| #include <ac_nonexistent.h>
configure:7348: result: /usr/bin/gcc -E
configure:7368: /usr/bin/gcc -E -I/home/harold/Dev/privateer_python/dependencies/include conftest.c
configure:7368: $? = 0
configure:7382: /usr/bin/gcc -E -I/home/harold/Dev/privateer_python/dependencies/include conftest.c
conftest.c:11:10: fatal error: ac_nonexistent.h: No such file or directory
   11 | #include <ac_nonexistent.h>
      |          ^~~~~~~~~~~~~~~~~~
compilation terminated.
configure:7382: $? = 1
configure: failed program was:
| /* confdefs.h */
| #define PACKAGE_NAME "libccp4"
| #define PACKAGE_TARNAME "libccp4"
| #define PACKAGE_VERSION "7.0.0"
| #define PACKAGE_STRING "libccp4 7.0.0"
| #define PACKAGE_BUGREPORT ""
| #define PACKAGE_URL ""
| #define PACKAGE "libccp4"
| #define VERSION "7.0.0"
| /* end confdefs.h.  */
| #include <ac_nonexistent.h>
configure:7411: checking for ANSI C header files
configure:7431: /usr/bin/gcc -c -g -O2 -I/home/harold/Dev/privateer_python/dependencies/include conftest.c >&5
configure:7431: $? = 0
configure:7504: /usr/bin/gcc -o conftest -g -O2 -I/home/harold/Dev/privateer_python/dependencies/include -L/home/harold/Dev/privateer_python/dependencies/lib -L/home/harold/Dev/privateer_python/dependencies/lib64 conftest.c  >&5
configure:7504: $? = 0
configure:7504: ./conftest
configure:7504: $? = 0
configure:7515: result: yes
configure:7528: checking for sys/types.h
configure:7528: /usr/bin/gcc -c -g -O2 -I/home/harold/Dev/privateer_python/dependencies/include conftest.c >&5
configure:7528: $? = 0
configure:7528: result: yes
configure:7528: checking for sys/stat.h
configure:7528: /usr/bin/gcc -c -g -O2 -I/home/harold/Dev/privateer_python/dependencies/include conftest.c >&5
configure:7528: $? = 0
configure:7528: result: yes
configure:7528: checking for stdlib.h
configure:7528: /usr/bin/gcc -c -g -O2 -I/home/harold/Dev/privateer_python/dependencies/include conftest.c >&5
configure:7528: $? = 0
configure:7528: result: yes
configure:7528: checking for string.h
configure:7528: /usr/bin/gcc -c -g -O2 -I/home/harold/Dev/privateer_python/dependencies/include conftest.c >&5
configure:7528: $? = 0
configure:7528: result: yes
configure:7528: checking for memory.h
configure:7528: /usr/bin/gcc -c -g -O2 -I/home/harold/Dev/privateer_python/dependencies/include conftest.c >&5
configure:7528: $? = 0
configure:7528: result: yes
configure:7528: checking for strings.h
configure:7528: /usr/bin/gcc -c -g -O2 -I/home/harold/Dev/privateer_python/dependencies/include conftest.c >&5
configure:7528: $? = 0
configure:7528: result: yes
configure:7528: checking for inttypes.h
configure:7528: /usr/bin/gcc -c -g -O2 -I/home/harold/Dev/privateer_python/dependencies/include conftest.c >&5
configure:7528: $? = 0
configure:7528: result: yes
configure:7528: checking for stdint.h
configure:7528: /usr/bin/gcc -c -g -O2 -I/home/harold/Dev/privateer_python/dependencies/include conftest.c >&5
configure:7528: $? = 0
configure:7528: result: yes
configure:7528: checking for unistd.h
configure:7528: /usr/bin/gcc -c -g -O2 -I/home/harold/Dev/privateer_python/dependencies/include conftest.c >&5
configure:7528: $? = 0
configure:7528: result: yes
configure:7542: checking for dlfcn.h
configure:7542: /usr/bin/gcc -c -g -O2 -I/home/harold/Dev/privateer_python/dependencies/include conftest.c >&5
configure:7542: $? = 0
configure:7542: result: yes
configure:8045: checking for objdir
configure:8060: result: .libs
configure:8331: checking if /usr/bin/gcc supports -fno-rtti -fno-exceptions
configure:8349: /usr/bin/gcc -c -g -O2 -I/home/harold/Dev/privateer_python/dependencies/include -fno-rtti -fno-exceptions conftest.c >&5
cc1: warning: command line option '-fno-rtti' is valid for C++/D/ObjC++ but not for C
configure:8353: $? = 0
configure:8366: result: no
configure:8693: checking for /usr/bin/gcc option to produce PIC
configure:8700: result: -fPIC -DPIC
configure:8708: checking if /usr/bin/gcc PIC flag -fPIC -DPIC works
configure:8726: /usr/bin/gcc -c -g -O2 -I/home/harold/Dev/privateer_python/dependencies/include -fPIC -DPIC -DPIC conftest.c >&5
configure:8730: $? = 0
configure:8743: result: yes
configure:8772: checking if /usr/bin/gcc static flag -static works
configure:8800: result: yes
configure:8815: checking if /usr/bin/gcc supports -c -o file.o
configure:8836: /usr/bin/gcc -c -g -O2 -I/home/harold/Dev/privateer_python/dependencies/include -o out/conftest2.o conftest.c >&5
configure:8840: $? = 0
configure:8862: result: yes
configure:8870: checking if /usr/bin/gcc supports -c -o file.o
configure:8917: result: yes
configure:8950: checking whether the /usr/bin/gcc linker (/usr/bin/ld -m elf_x86_64) supports shared libraries
configure:10103: result: yes
configure:10140: checking whether -lc should be explicitly linked in
configure:10148: /usr/bin/gcc -c -g -O2 -I/home/harold/Dev/privateer_python/dependencies/include conftest.c >&5
configure:10151: $? = 0
configure:10166: /usr/bin/gcc -shared  -fPIC -DPIC conftest.o  -v -Wl,-soname -Wl,conftest -o conftest 2\>\&1 \| /usr/bin/grep  -lc  \>/dev/null 2\>\&1
configure:10169: $? = 0
configure:10183: result: no
configure:10343: checking dynamic linker characteristics
configure:10854: /usr/bin/gcc -o conftest -g -O2 -I/home/harold/Dev/privateer_python/dependencies/include -L/home/harold/Dev/privateer_python/dependencies/lib -L/home/harold/Dev/privateer_python/dependencies/lib64 -Wl,-rpath -Wl,/foo conftest.c  >&5
configure:10854: $? = 0
configure:11076: result: GNU/Linux ld.so
configure:11183: checking how to hardcode library paths into programs
configure:11208: result: immediate
configure:11748: checking whether stripping libraries is possible
configure:11753: result: yes
configure:11788: checking if libtool supports shared libraries
configure:11790: result: yes
configure:11793: checking whether to build shared libraries
configure:11814: result: yes
configure:11817: checking whether to build static libraries
configure:11821: result: no
configure:8917: checking for gcc
configure:8944: result: /usr/bin/gcc
configure:9173: checking for C compiler version
configure:9182: /usr/bin/gcc --version >&5
gcc (Ubuntu 9.3.0-17ubuntu1~20.04) 9.3.0
Copyright (C) 2019 Free Software Foundation, Inc.
This is free software; see the source for copying conditions.  There is NO
warranty; not even for MERCHANTABILITY or FITNESS FOR A PARTICULAR PURPOSE.

configure:9193: $? = 0
configure:9182: /usr/bin/gcc -v >&5
Using built-in specs.
COLLECT_GCC=/usr/bin/gcc
COLLECT_LTO_WRAPPER=/usr/lib/gcc/x86_64-linux-gnu/9/lto-wrapper
OFFLOAD_TARGET_NAMES=nvptx-none:hsa
OFFLOAD_TARGET_DEFAULT=1
Target: x86_64-linux-gnu
Configured with: ../src/configure -v --with-pkgversion='Ubuntu 9.3.0-17ubuntu1~20.04' --with-bugurl=file:///usr/share/doc/gcc-9/README.Bugs --enable-languages=c,ada,c++,go,brig,d,fortran,objc,obj-c++,gm2 --prefix=/usr --with-gcc-major-version-only --program-suffix=-9 --program-prefix=x86_64-linux-gnu- --enable-shared --enable-linker-build-id --libexecdir=/usr/lib --without-included-gettext --enable-threads=posix --libdir=/usr/lib --enable-nls --enable-clocale=gnu --enable-libstdcxx-debug --enable-libstdcxx-time=yes --with-default-libstdcxx-abi=new --enable-gnu-unique-object --disable-vtable-verify --enable-plugin --enable-default-pie --with-system-zlib --with-target-system-zlib=auto --enable-objc-gc=auto --enable-multiarch --disable-werror --with-arch-32=i686 --with-abi=m64 --with-multilib-list=m32,m64,mx32 --enable-multilib --with-tune=generic --enable-offload-targets=nvptx-none=/build/gcc-9-HskZEa/gcc-9-9.3.0/debian/tmp-nvptx/usr,hsa --without-cuda-driver --enable-checking=release --build=x86_64-linux-gnu --host=x86_64-linux-gnu --target=x86_64-linux-gnu
Thread model: posix
gcc version 9.3.0 (Ubuntu 9.3.0-17ubuntu1~20.04) 
configure:9193: $? = 0
configure:9182: /usr/bin/gcc -V >&5
gcc: error: unrecognized command line option '-V'
gcc: fatal error: no input files
compilation terminated.
configure:9193: $? = 1
configure:9182: /usr/bin/gcc -qversion >&5
gcc: error: unrecognized command line option '-qversion'; did you mean '--version'?
gcc: fatal error: no input files
compilation terminated.
configure:9193: $? = 1
configure:9197: checking whether we are using the GNU C compiler
configure:9225: result: yes
configure:9234: checking whether /usr/bin/gcc accepts -g
configure:9295: result: yes
configure:9312: checking for /usr/bin/gcc option to accept ISO C89
configure:9388: result: none needed
configure:9410: checking dependency style of /usr/bin/gcc
configure:9521: result: gcc3
configure:9648: checking for C++ compiler version
configure:9657: /usr/bin/g++ --version >&5
g++ (Ubuntu 9.3.0-17ubuntu1~20.04) 9.3.0
Copyright (C) 2019 Free Software Foundation, Inc.
This is free software; see the source for copying conditions.  There is NO
warranty; not even for MERCHANTABILITY or FITNESS FOR A PARTICULAR PURPOSE.

configure:9668: $? = 0
configure:9657: /usr/bin/g++ -v >&5
Using built-in specs.
COLLECT_GCC=/usr/bin/g++
COLLECT_LTO_WRAPPER=/usr/lib/gcc/x86_64-linux-gnu/9/lto-wrapper
OFFLOAD_TARGET_NAMES=nvptx-none:hsa
OFFLOAD_TARGET_DEFAULT=1
Target: x86_64-linux-gnu
Configured with: ../src/configure -v --with-pkgversion='Ubuntu 9.3.0-17ubuntu1~20.04' --with-bugurl=file:///usr/share/doc/gcc-9/README.Bugs --enable-languages=c,ada,c++,go,brig,d,fortran,objc,obj-c++,gm2 --prefix=/usr --with-gcc-major-version-only --program-suffix=-9 --program-prefix=x86_64-linux-gnu- --enable-shared --enable-linker-build-id --libexecdir=/usr/lib --without-included-gettext --enable-threads=posix --libdir=/usr/lib --enable-nls --enable-clocale=gnu --enable-libstdcxx-debug --enable-libstdcxx-time=yes --with-default-libstdcxx-abi=new --enable-gnu-unique-object --disable-vtable-verify --enable-plugin --enable-default-pie --with-system-zlib --with-target-system-zlib=auto --enable-objc-gc=auto --enable-multiarch --disable-werror --with-arch-32=i686 --with-abi=m64 --with-multilib-list=m32,m64,mx32 --enable-multilib --with-tune=generic --enable-offload-targets=nvptx-none=/build/gcc-9-HskZEa/gcc-9-9.3.0/debian/tmp-nvptx/usr,hsa --without-cuda-driver --enable-checking=release --build=x86_64-linux-gnu --host=x86_64-linux-gnu --target=x86_64-linux-gnu
Thread model: posix
gcc version 9.3.0 (Ubuntu 9.3.0-17ubuntu1~20.04) 
configure:9668: $? = 0
configure:9657: /usr/bin/g++ -V >&5
g++: error: unrecognized command line option '-V'
g++: fatal error: no input files
compilation terminated.
configure:9668: $? = 1
configure:9657: /usr/bin/g++ -qversion >&5
g++: error: unrecognized command line option '-qversion'; did you mean '--version'?
g++: fatal error: no input files
compilation terminated.
configure:9668: $? = 1
configure:9672: checking whether we are using the GNU C++ compiler
configure:9691: /usr/bin/g++ -c -g -O2 -w -std=c++11 -I/home/harold/Dev/privateer_python/dependencies/include conftest.cpp >&5
configure:9691: $? = 0
configure:9700: result: yes
configure:9709: checking whether /usr/bin/g++ accepts -g
configure:9729: /usr/bin/g++ -c -g -I/home/harold/Dev/privateer_python/dependencies/include conftest.cpp >&5
configure:9729: $? = 0
configure:9770: result: yes
configure:9795: checking dependency style of /usr/bin/g++
configure:9906: result: gcc3
configure:9939: checking how to run the C++ preprocessor
configure:9966: /usr/bin/g++ -E -I/home/harold/Dev/privateer_python/dependencies/include conftest.cpp
configure:9966: $? = 0
configure:9980: /usr/bin/g++ -E -I/home/harold/Dev/privateer_python/dependencies/include conftest.cpp
conftest.cpp:23:10: fatal error: ac_nonexistent.h: No such file or directory
   23 | #include <ac_nonexistent.h>
      |          ^~~~~~~~~~~~~~~~~~
compilation terminated.
configure:9980: $? = 1
configure: failed program was:
| /* confdefs.h */
| #define PACKAGE_NAME "libccp4"
| #define PACKAGE_TARNAME "libccp4"
| #define PACKAGE_VERSION "7.0.0"
| #define PACKAGE_STRING "libccp4 7.0.0"
| #define PACKAGE_BUGREPORT ""
| #define PACKAGE_URL ""
| #define PACKAGE "libccp4"
| #define VERSION "7.0.0"
| #define STDC_HEADERS 1
| #define HAVE_SYS_TYPES_H 1
| #define HAVE_SYS_STAT_H 1
| #define HAVE_STDLIB_H 1
| #define HAVE_STRING_H 1
| #define HAVE_MEMORY_H 1
| #define HAVE_STRINGS_H 1
| #define HAVE_INTTYPES_H 1
| #define HAVE_STDINT_H 1
| #define HAVE_UNISTD_H 1
| #define HAVE_DLFCN_H 1
| #define LT_OBJDIR ".libs/"
| /* end confdefs.h.  */
| #include <ac_nonexistent.h>
configure:10005: result: /usr/bin/g++ -E
configure:10025: /usr/bin/g++ -E -I/home/harold/Dev/privateer_python/dependencies/include conftest.cpp
configure:10025: $? = 0
configure:10039: /usr/bin/g++ -E -I/home/harold/Dev/privateer_python/dependencies/include conftest.cpp
conftest.cpp:23:10: fatal error: ac_nonexistent.h: No such file or directory
   23 | #include <ac_nonexistent.h>
      |          ^~~~~~~~~~~~~~~~~~
compilation terminated.
configure:10039: $? = 1
configure: failed program was:
| /* confdefs.h */
| #define PACKAGE_NAME "libccp4"
| #define PACKAGE_TARNAME "libccp4"
| #define PACKAGE_VERSION "7.0.0"
| #define PACKAGE_STRING "libccp4 7.0.0"
| #define PACKAGE_BUGREPORT ""
| #define PACKAGE_URL ""
| #define PACKAGE "libccp4"
| #define VERSION "7.0.0"
| #define STDC_HEADERS 1
| #define HAVE_SYS_TYPES_H 1
| #define HAVE_SYS_STAT_H 1
| #define HAVE_STDLIB_H 1
| #define HAVE_STRING_H 1
| #define HAVE_MEMORY_H 1
| #define HAVE_STRINGS_H 1
| #define HAVE_INTTYPES_H 1
| #define HAVE_STDINT_H 1
| #define HAVE_UNISTD_H 1
| #define HAVE_DLFCN_H 1
| #define LT_OBJDIR ".libs/"
| /* end confdefs.h.  */
| #include <ac_nonexistent.h>
configure:10208: checking for ld used by /usr/bin/g++
configure:10275: result: /usr/bin/ld -m elf_x86_64
configure:10282: checking if the linker (/usr/bin/ld -m elf_x86_64) is GNU ld
configure:10297: result: yes
configure:10352: checking whether the /usr/bin/g++ linker (/usr/bin/ld -m elf_x86_64) supports shared libraries
configure:11357: result: yes
configure:11393: /usr/bin/g++ -c -g -O2 -w -std=c++11 -I/home/harold/Dev/privateer_python/dependencies/include conftest.cpp >&5
configure:11396: $? = 0
configure:11916: checking for /usr/bin/g++ option to produce PIC
configure:11923: result: -fPIC -DPIC
configure:11931: checking if /usr/bin/g++ PIC flag -fPIC -DPIC works
configure:11949: /usr/bin/g++ -c -g -O2 -w -std=c++11 -I/home/harold/Dev/privateer_python/dependencies/include -fPIC -DPIC -DPIC conftest.cpp >&5
configure:11953: $? = 0
configure:11966: result: yes
configure:11989: checking if /usr/bin/g++ static flag -static works
configure:12017: result: yes
configure:12029: checking if /usr/bin/g++ supports -c -o file.o
configure:12050: /usr/bin/g++ -c -g -O2 -w -std=c++11 -I/home/harold/Dev/privateer_python/dependencies/include -o out/conftest2.o conftest.cpp >&5
configure:12054: $? = 0
configure:12076: result: yes
configure:12081: checking if /usr/bin/g++ supports -c -o file.o
configure:12128: result: yes
configure:12158: checking whether the /usr/bin/g++ linker (/usr/bin/ld -m elf_x86_64) supports shared libraries
configure:12194: result: yes
configure:12335: checking dynamic linker characteristics
configure:13002: result: GNU/Linux ld.so
configure:13055: checking how to hardcode library paths into programs
configure:13080: result: immediate
configure:12063: checking whether to enable maintainer-specific portions of Makefiles
configure:12072: result: no
configure:12155: checking for xlf90
configure:12185: result: no
configure:12155: checking for f90
configure:12185: result: no
configure:12155: checking for pgf90
configure:12185: result: no
configure:12155: checking for pghpf
configure:12185: result: no
configure:12155: checking for epcf90
configure:12185: result: no
configure:12155: checking for gfortran
configure:12171: found /usr/bin/gfortran
configure:12182: result: gfortran
configure:12208: checking for Fortran 77 compiler version
configure:12217: gfortran --version >&5
GNU Fortran (Ubuntu 9.3.0-17ubuntu1~20.04) 9.3.0
Copyright (C) 2019 Free Software Foundation, Inc.
This is free software; see the source for copying conditions.  There is NO
warranty; not even for MERCHANTABILITY or FITNESS FOR A PARTICULAR PURPOSE.

configure:12228: $? = 0
configure:12217: gfortran -v >&5
Using built-in specs.
COLLECT_GCC=gfortran
COLLECT_LTO_WRAPPER=/usr/lib/gcc/x86_64-linux-gnu/9/lto-wrapper
OFFLOAD_TARGET_NAMES=nvptx-none:hsa
OFFLOAD_TARGET_DEFAULT=1
Target: x86_64-linux-gnu
Configured with: ../src/configure -v --with-pkgversion='Ubuntu 9.3.0-17ubuntu1~20.04' --with-bugurl=file:///usr/share/doc/gcc-9/README.Bugs --enable-languages=c,ada,c++,go,brig,d,fortran,objc,obj-c++,gm2 --prefix=/usr --with-gcc-major-version-only --program-suffix=-9 --program-prefix=x86_64-linux-gnu- --enable-shared --enable-linker-build-id --libexecdir=/usr/lib --without-included-gettext --enable-threads=posix --libdir=/usr/lib --enable-nls --enable-clocale=gnu --enable-libstdcxx-debug --enable-libstdcxx-time=yes --with-default-libstdcxx-abi=new --enable-gnu-unique-object --disable-vtable-verify --enable-plugin --enable-default-pie --with-system-zlib --with-target-system-zlib=auto --enable-objc-gc=auto --enable-multiarch --disable-werror --with-arch-32=i686 --with-abi=m64 --with-multilib-list=m32,m64,mx32 --enable-multilib --with-tune=generic --enable-offload-targets=nvptx-none=/build/gcc-9-HskZEa/gcc-9-9.3.0/debian/tmp-nvptx/usr,hsa --without-cuda-driver --enable-checking=release --build=x86_64-linux-gnu --host=x86_64-linux-gnu --target=x86_64-linux-gnu
Thread model: posix
gcc version 9.3.0 (Ubuntu 9.3.0-17ubuntu1~20.04) 
configure:12228: $? = 0
configure:12217: gfortran -V >&5
gfortran: error: unrecognized command line option '-V'
gfortran: fatal error: no input files
compilation terminated.
configure:12228: $? = 1
configure:12217: gfortran -qversion >&5
gfortran: error: unrecognized command line option '-qversion'; did you mean '--version'?
gfortran: fatal error: no input files
compilation terminated.
configure:12228: $? = 1
configure:12237: checking whether we are using the GNU Fortran 77 compiler
configure:12250: gfortran -c  conftest.F >&5
configure:12250: $? = 0
configure:12259: result: yes
configure:12265: checking whether gfortran accepts -g
configure:12276: gfortran -c -g conftest.f >&5
configure:12276: $? = 0
configure:12284: result: yes
configure:12420: checking if libtool supports shared libraries
configure:12422: result: yes
configure:12425: checking whether to build shared libraries
configure:12445: result: yes
configure:12448: checking whether to build static libraries
configure:12452: result: no
configure:12773: checking for gfortran option to produce PIC
configure:12780: result: -fPIC
configure:12788: checking if gfortran PIC flag -fPIC works
configure:12806: gfortran -c -g -O2 -fPIC conftest.f >&5
configure:12810: $? = 0
configure:12823: result: yes
configure:12846: checking if gfortran static flag -static works
configure:12874: result: yes
configure:12886: checking if gfortran supports -c -o file.o
configure:12907: gfortran -c -g -O2 -o out/conftest2.o conftest.f >&5
configure:12911: $? = 0
configure:12933: result: yes
configure:12938: checking if gfortran supports -c -o file.o
configure:12985: result: yes
configure:13015: checking whether the gfortran linker (/usr/bin/ld -m elf_x86_64) supports shared libraries
configure:14118: result: yes
configure:14259: checking dynamic linker characteristics
configure:14920: result: GNU/Linux ld.so
configure:14973: checking how to hardcode library paths into programs
configure:14998: result: immediate
configure:15042: gfortran -o conftest -g -O2 -L/home/harold/Dev/privateer_python/dependencies/lib -L/home/harold/Dev/privateer_python/dependencies/lib64 conftest.f  >&5
configure:15042: $? = 0
configure:15057: checking for m4
configure:15075: found /usr/bin/m4
configure:15087: result: /usr/bin/m4
configure:15185: /usr/bin/gcc -c -g -O2 -I/home/harold/Dev/privateer_python/dependencies/include conftest.c >&5
conftest.c: In function 'main':
conftest.c:28:8: error: '_WIN32' undeclared (first use in this function)
   28 | return _WIN32;
      |        ^~~~~~
conftest.c:28:8: note: each undeclared identifier is reported only once for each function it appears in
configure:15185: $? = 1
configure: failed program was:
| /* confdefs.h */
| #define PACKAGE_NAME "libccp4"
| #define PACKAGE_TARNAME "libccp4"
| #define PACKAGE_VERSION "7.0.0"
| #define PACKAGE_STRING "libccp4 7.0.0"
| #define PACKAGE_BUGREPORT ""
| #define PACKAGE_URL ""
| #define PACKAGE "libccp4"
| #define VERSION "7.0.0"
| #define STDC_HEADERS 1
| #define HAVE_SYS_TYPES_H 1
| #define HAVE_SYS_STAT_H 1
| #define HAVE_STDLIB_H 1
| #define HAVE_STRING_H 1
| #define HAVE_MEMORY_H 1
| #define HAVE_STRINGS_H 1
| #define HAVE_INTTYPES_H 1
| #define HAVE_STDINT_H 1
| #define HAVE_UNISTD_H 1
| #define HAVE_DLFCN_H 1
| #define LT_OBJDIR ".libs/"
| #define GFORTRAN 1
| /* end confdefs.h.  */
| 
| int
| main ()
| {
| return _WIN32;
|   ;
|   return 0;
| }
configure:15190: fortran/unix.m4 will be processed with m4 -D_gfort=1
configure:15193: checking for library containing cos
configure:15224: /usr/bin/gcc -o conftest -g -O2 -I/home/harold/Dev/privateer_python/dependencies/include -L/home/harold/Dev/privateer_python/dependencies/lib -L/home/harold/Dev/privateer_python/dependencies/lib64 conftest.c  >&5
conftest.c:31:6: warning: conflicting types for built-in function 'cos'; expected 'double(double)' [-Wbuiltin-declaration-mismatch]
   31 | char cos ();
      |      ^~~
conftest.c:1:1: note: 'cos' is declared in header '<math.h>'
    1 | /* confdefs.h */
/usr/bin/ld: /tmp/ccwkFULQ.o: in function `main':
/home/harold/Dev/privateer_python/dependencies/libccp4/trunk/conftest.c:35: undefined reference to `cos'
collect2: error: ld returned 1 exit status
configure:15224: $? = 1
configure: failed program was:
| /* confdefs.h */
| #define PACKAGE_NAME "libccp4"
| #define PACKAGE_TARNAME "libccp4"
| #define PACKAGE_VERSION "7.0.0"
| #define PACKAGE_STRING "libccp4 7.0.0"
| #define PACKAGE_BUGREPORT ""
| #define PACKAGE_URL ""
| #define PACKAGE "libccp4"
| #define VERSION "7.0.0"
| #define STDC_HEADERS 1
| #define HAVE_SYS_TYPES_H 1
| #define HAVE_SYS_STAT_H 1
| #define HAVE_STDLIB_H 1
| #define HAVE_STRING_H 1
| #define HAVE_MEMORY_H 1
| #define HAVE_STRINGS_H 1
| #define HAVE_INTTYPES_H 1
| #define HAVE_STDINT_H 1
| #define HAVE_UNISTD_H 1
| #define HAVE_DLFCN_H 1
| #define LT_OBJDIR ".libs/"
| #define GFORTRAN 1
| /* end confdefs.h.  */
| 
| /* Override any GCC internal prototype to avoid an error.
|    Use char because int might match the return type of a GCC
|    builtin and then its argument prototype would still apply.  */
| #ifdef __cplusplus
| extern "C"
| #endif
| char cos ();
| int
| main ()
| {
| return cos ();
|   ;
|   return 0;
| }
configure:15224: /usr/bin/gcc -o conftest -g -O2 -I/home/harold/Dev/privateer_python/dependencies/include -L/home/harold/Dev/privateer_python/dependencies/lib -L/home/harold/Dev/privateer_python/dependencies/lib64 conftest.c -lm   >&5
conftest.c:31:6: warning: conflicting types for built-in function 'cos'; expected 'double(double)' [-Wbuiltin-declaration-mismatch]
   31 | char cos ();
      |      ^~~
conftest.c:1:1: note: 'cos' is declared in header '<math.h>'
    1 | /* confdefs.h */
configure:15224: $? = 0
configure:15241: result: -lm
configure:15257: checking for MMDB_CCIF_Init in -lmmdb2
configure:15282: /usr/bin/g++ -o conftest -g -O2 -w -std=c++11 -I/home/harold/Dev/privateer_python/dependencies/include -L/home/harold/Dev/privateer_python/dependencies/lib -L/home/harold/Dev/privateer_python/dependencies/lib64 conftest.cpp -lmmdb2  -lm  >&5
configure:15282: $? = 0
configure:15291: result: yes
configure:15312: checking whether Fortran 77 compiler accepts -fallow-argument-mismatch
configure:15325: gfortran -c -g -O2 -Werror -fallow-argument-mismatch conftest.f >&5
gfortran: error: unrecognized command line option '-fallow-argument-mismatch'; did you mean '-Wno-argument-mismatch'?
configure:15325: $? = 1
configure: failed program was:
|       program main
| 
|       end
configure:15333: result: no
configure:13035: checking that generated files are newer than configure
configure:13041: result: done
configure:13084: creating ./config.status

## ---------------------- ##
## Running config.status. ##
## ---------------------- ##

This file was extended by libccp4 config.status 7.0.0, which was
generated by GNU Autoconf 2.69.  Invocation command line was

  CONFIG_FILES    = 
  CONFIG_HEADERS  = 
  CONFIG_LINKS    = 
  CONFIG_COMMANDS = 
  $ ./config.status 

on victoria

config.status:1210: creating Makefile
config.status:1210: creating libccp4c.pc
config.status:1210: creating libccp4f.pc
config.status:1210: creating config.h
config.status:1439: executing depfiles commands
config.status:1439: executing libtool commands
configure:15815: WARNING: unrecognized options: --disable-Werror

## ---------------- ##
## Cache variables. ##
## ---------------- ##

ac_cv_build=x86_64-unknown-linux-gnu
ac_cv_c_compiler_gnu=yes
ac_cv_cxx_compiler_gnu=yes
ac_cv_env_CCC_set=
ac_cv_env_CCC_value=
ac_cv_env_CC_set=set
ac_cv_env_CC_value=/usr/bin/gcc
ac_cv_env_CFLAGS_set=
ac_cv_env_CFLAGS_value=
ac_cv_env_CPPFLAGS_set=set
ac_cv_env_CPPFLAGS_value=-I/home/harold/Dev/privateer_python/dependencies/include
ac_cv_env_CPP_set=
ac_cv_env_CPP_value=
ac_cv_env_CXXCPP_set=
ac_cv_env_CXXCPP_value=
ac_cv_env_CXXFLAGS_set=set
ac_cv_env_CXXFLAGS_value='-g -O2 -w -std=c++11'
ac_cv_env_CXX_set=set
ac_cv_env_CXX_value=/usr/bin/g++
ac_cv_env_F77_set=
ac_cv_env_F77_value=
ac_cv_env_FFLAGS_set=
ac_cv_env_FFLAGS_value=
ac_cv_env_LDFLAGS_set=set
ac_cv_env_LDFLAGS_value='-L/home/harold/Dev/privateer_python/dependencies/lib -L/home/harold/Dev/privateer_python/dependencies/lib64'
ac_cv_env_LIBS_set=
ac_cv_env_LIBS_value=
ac_cv_env_build_alias_set=
ac_cv_env_build_alias_value=
ac_cv_env_host_alias_set=
ac_cv_env_host_alias_value=
ac_cv_env_target_alias_set=
ac_cv_env_target_alias_value=
ac_cv_f77_compiler_gnu=yes
ac_cv_header_dlfcn_h=yes
ac_cv_header_inttypes_h=yes
ac_cv_header_memory_h=yes
ac_cv_header_stdc=yes
ac_cv_header_stdint_h=yes
ac_cv_header_stdlib_h=yes
ac_cv_header_string_h=yes
ac_cv_header_strings_h=yes
ac_cv_header_sys_stat_h=yes
ac_cv_header_sys_types_h=yes
ac_cv_header_unistd_h=yes
ac_cv_host=x86_64-unknown-linux-gnu
ac_cv_lib_mmdb2_MMDB_CCIF_Init=yes
ac_cv_objext=o
ac_cv_path_EGREP='/usr/bin/grep -E'
ac_cv_path_FGREP='/usr/bin/grep -F'
ac_cv_path_GREP=/usr/bin/grep
ac_cv_path_M4=/usr/bin/m4
ac_cv_path_SED=/usr/bin/sed
ac_cv_path_install='/usr/bin/install -c'
ac_cv_path_mkdir=/usr/bin/mkdir
ac_cv_prog_AWK=mawk
ac_cv_prog_CPP='/usr/bin/gcc -E'
ac_cv_prog_CXXCPP='/usr/bin/g++ -E'
ac_cv_prog_ac_ct_AR=ar
ac_cv_prog_ac_ct_CC=/usr/bin/gcc
ac_cv_prog_ac_ct_F77=gfortran
ac_cv_prog_ac_ct_MANIFEST_TOOL=mt
ac_cv_prog_ac_ct_OBJDUMP=objdump
ac_cv_prog_ac_ct_RANLIB=ranlib
ac_cv_prog_ac_ct_STRIP=strip
ac_cv_prog_cc_c89=
ac_cv_prog_cc_g=yes
ac_cv_prog_cxx_g=yes
ac_cv_prog_f77_g=yes
ac_cv_prog_make_make_set=yes
ac_cv_search_cos=-lm
am_cv_CC_dependencies_compiler_type=gcc3
am_cv_CXX_dependencies_compiler_type=gcc3
am_cv_ar_interface=ar
am_cv_make_support_nested_variables=yes
ax_cv_check_f77flags__Werror__fallow_argument_mismatch=no
lt_cv_ar_at_file=@
lt_cv_archive_cmds_need_lc=no
lt_cv_deplibs_check_method=pass_all
lt_cv_file_magic_cmd='$MAGIC_CMD'
lt_cv_file_magic_test_file=
lt_cv_ld_reload_flag=-r
lt_cv_nm_interface='BSD nm'
lt_cv_objdir=.libs
lt_cv_path_LD=/usr/bin/ld
lt_cv_path_LDCXX='/usr/bin/ld -m elf_x86_64'
lt_cv_path_NM='/usr/bin/nm -B'
lt_cv_path_mainfest_tool=no
lt_cv_prog_compiler_c_o=yes
lt_cv_prog_compiler_c_o_CXX=yes
lt_cv_prog_compiler_c_o_F77=yes
lt_cv_prog_compiler_pic='-fPIC -DPIC'
lt_cv_prog_compiler_pic_CXX='-fPIC -DPIC'
lt_cv_prog_compiler_pic_F77=-fPIC
lt_cv_prog_compiler_pic_works=yes
lt_cv_prog_compiler_pic_works_CXX=yes
lt_cv_prog_compiler_pic_works_F77=yes
lt_cv_prog_compiler_rtti_exceptions=no
lt_cv_prog_compiler_static_works=yes
lt_cv_prog_compiler_static_works_CXX=yes
lt_cv_prog_compiler_static_works_F77=yes
lt_cv_prog_gnu_ld=yes
lt_cv_prog_gnu_ldcxx=yes
lt_cv_sharedlib_from_linklib_cmd='printf %s\n'
lt_cv_shlibpath_overrides_runpath=yes
lt_cv_sys_global_symbol_pipe='sed -n -e '\''s/^.*[	 ]\([ABCDGIRSTW][ABCDGIRSTW]*\)[	 ][	 ]*\([_A-Za-z][_A-Za-z0-9]*\)$/\1 \2 \2/p'\'' | sed '\''/ __gnu_lto/d'\'''
lt_cv_sys_global_symbol_to_c_name_address='sed -n -e '\''s/^: \([^ ]*\)[ ]*$/  {\"\1\", (void *) 0},/p'\'' -e '\''s/^[ABCDGIRSTW]* \([^ ]*\) \([^ ]*\)$/  {"\2", (void *) \&\2},/p'\'''
lt_cv_sys_global_symbol_to_c_name_address_lib_prefix='sed -n -e '\''s/^: \([^ ]*\)[ ]*$/  {\"\1\", (void *) 0},/p'\'' -e '\''s/^[ABCDGIRSTW]* \([^ ]*\) \(lib[^ ]*\)$/  {"\2", (void *) \&\2},/p'\'' -e '\''s/^[ABCDGIRSTW]* \([^ ]*\) \([^ ]*\)$/  {"lib\2", (void *) \&\2},/p'\'''
lt_cv_sys_global_symbol_to_cdecl='sed -n -e '\''s/^T .* \(.*\)$/extern int \1();/p'\'' -e '\''s/^[ABCDGIRSTW]* .* \(.*\)$/extern char \1;/p'\'''
lt_cv_sys_max_cmd_len=1572864
lt_cv_to_host_file_cmd=func_convert_file_noop
lt_cv_to_tool_file_cmd=func_convert_file_noop

## ----------------- ##
## Output variables. ##
## ----------------- ##

ACLOCAL='${SHELL} /home/harold/Dev/privateer_python/dependencies/libccp4/trunk/build-aux/missing aclocal-1.13'
AMDEPBACKSLASH='\'
AMDEP_FALSE='#'
AMDEP_TRUE=''
AMTAR='$${TAR-tar}'
AM_BACKSLASH='\'
AM_DEFAULT_V='$(AM_DEFAULT_VERBOSITY)'
AM_DEFAULT_VERBOSITY='0'
AM_V='$(V)'
AR='ar'
AS='as'
AUTOCONF='${SHELL} /home/harold/Dev/privateer_python/dependencies/libccp4/trunk/build-aux/missing autoconf'
AUTOHEADER='${SHELL} /home/harold/Dev/privateer_python/dependencies/libccp4/trunk/build-aux/missing autoheader'
AUTOMAKE='${SHELL} /home/harold/Dev/privateer_python/dependencies/libccp4/trunk/build-aux/missing automake-1.13'
AWK='mawk'
CC='/usr/bin/gcc'
CCDEPMODE='depmode=gcc3'
CFLAGS='-g -O2'
CPP='/usr/bin/gcc -E'
CPPFLAGS='-I/home/harold/Dev/privateer_python/dependencies/include'
CXX='/usr/bin/g++'
CXXCPP='/usr/bin/g++ -E'
CXXDEPMODE='depmode=gcc3'
CXXFLAGS='-g -O2 -w -std=c++11'
CYGPATH_W='echo'
DEFS='-DHAVE_CONFIG_H'
DEPDIR='.deps'
DLLTOOL='false'
DSYMUTIL=''
DUMPBIN=''
ECHO_C=''
ECHO_N='-n'
ECHO_T=''
EGREP='/usr/bin/grep -E'
EXEEXT=''
F77='gfortran'
FFLAGS='-g -O2'
FGREP='/usr/bin/grep -F'
FORTRAN_LIB_FALSE='#'
FORTRAN_LIB_TRUE=''
GNU_FORTRAN_FALSE='#'
GNU_FORTRAN_TRUE=''
GREP='/usr/bin/grep'
INSTALL_DATA='${INSTALL} -m 644'
INSTALL_PROGRAM='${INSTALL}'
INSTALL_SCRIPT='${INSTALL}'
INSTALL_STRIP_PROGRAM='$(install_sh) -c -s'
LD='/usr/bin/ld -m elf_x86_64'
LDFLAGS='-L/home/harold/Dev/privateer_python/dependencies/lib -L/home/harold/Dev/privateer_python/dependencies/lib64'
LIBOBJS=''
LIBS='-lm '
LIBTOOL='$(SHELL) $(top_builddir)/libtool'
LIPO=''
LN_S='ln -s'
LTLIBOBJS=''
M4='/usr/bin/m4'
M4_ARG='-D_gfort=1'
MAINT='#'
MAINTAINER_MODE_FALSE=''
MAINTAINER_MODE_TRUE='#'
MAKEINFO='${SHELL} /home/harold/Dev/privateer_python/dependencies/libccp4/trunk/build-aux/missing makeinfo'
MANIFEST_TOOL=':'
MKDIR_P='/usr/bin/mkdir -p'
NM='/usr/bin/nm -B'
NMEDIT=''
OBJDUMP='objdump'
OBJEXT='o'
OTOOL64=''
OTOOL=''
PACKAGE='libccp4'
PACKAGE_BUGREPORT=''
PACKAGE_NAME='libccp4'
PACKAGE_STRING='libccp4 7.0.0'
PACKAGE_TARNAME='libccp4'
PACKAGE_URL=''
PACKAGE_VERSION='7.0.0'
PATH_SEPARATOR=':'
RANLIB='ranlib'
SED='/usr/bin/sed'
SET_MAKE=''
SHELL='/bin/bash'
STRIP='strip'
VERSION='7.0.0'
ac_ct_AR='ar'
ac_ct_CC='/usr/bin/gcc'
ac_ct_CXX=''
ac_ct_DUMPBIN=''
ac_ct_F77='gfortran'
am__EXEEXT_FALSE=''
am__EXEEXT_TRUE='#'
am__fastdepCC_FALSE='#'
am__fastdepCC_TRUE=''
am__fastdepCXX_FALSE='#'
am__fastdepCXX_TRUE=''
am__include='include'
am__isrc=''
am__leading_dot='.'
am__nodep='_no'
am__quote=''
am__tar='$${TAR-tar} chof - "$$tardir"'
am__untar='$${TAR-tar} xf -'
bindir='${exec_prefix}/bin'
build='x86_64-unknown-linux-gnu'
build_alias=''
build_cpu='x86_64'
build_os='linux-gnu'
build_vendor='unknown'
datadir='${datarootdir}'
datarootdir='${prefix}/share'
docdir='${datarootdir}/doc/${PACKAGE_TARNAME}'
dvidir='${docdir}'
exec_prefix='${prefix}'
host='x86_64-unknown-linux-gnu'
host_alias=''
host_cpu='x86_64'
host_os='linux-gnu'
host_vendor='unknown'
htmldir='${docdir}'
includedir='${prefix}/include'
infodir='${datarootdir}/info'
install_sh='${SHELL} /home/harold/Dev/privateer_python/dependencies/libccp4/trunk/build-aux/install-sh'
libdir='${exec_prefix}/lib'
libexecdir='${exec_prefix}/libexec'
localedir='${datarootdir}/locale'
localstatedir='${prefix}/var'
mandir='${datarootdir}/man'
mkdir_p='$(MKDIR_P)'
oldincludedir='/usr/include'
pdfdir='${docdir}'
prefix='/home/harold/Dev/privateer_python/dependencies'
program_transform_name='s,x,x,'
psdir='${docdir}'
sbindir='${exec_prefix}/sbin'
sharedstatedir='${prefix}/com'
sysconfdir='${prefix}/etc'
target_alias=''

## ----------- ##
## confdefs.h. ##
## ----------- ##

/* confdefs.h */
#define PACKAGE_NAME "libccp4"
#define PACKAGE_TARNAME "libccp4"
#define PACKAGE_VERSION "7.0.0"
#define PACKAGE_STRING "libccp4 7.0.0"
#define PACKAGE_BUGREPORT ""
#define PACKAGE_URL ""
#define PACKAGE "libccp4"
#define VERSION "7.0.0"
#define STDC_HEADERS 1
#define HAVE_SYS_TYPES_H 1
#define HAVE_SYS_STAT_H 1
#define HAVE_STDLIB_H 1
#define HAVE_STRING_H 1
#define HAVE_MEMORY_H 1
#define HAVE_STRINGS_H 1
#define HAVE_INTTYPES_H 1
#define HAVE_STDINT_H 1
#define HAVE_UNISTD_H 1
#define HAVE_DLFCN_H 1
#define LT_OBJDIR ".libs/"
#define GFORTRAN 1
#define PACKAGE_ROOT "/home/harold/Dev/privateer_python/dependencies"

configure: exit 0
