This file contains any messages produced by compilers while
running configure, to aid debugging if configure makes a mistake.

It was created by mmdb2 configure 2.0.19, which was
generated by GNU Autoconf 2.69.  Invocation command line was

  $ ./configure CXXFLAGS=-g -O2 -w -std=c++11 CFLAGS=-g -O2 -w --prefix=/home/harold/Dev/privateer_python/dependencies --disable-Werror --enable-silent-rules --enable-shared --disable-static

## --------- ##
## Platform. ##
## --------- ##

hostname = victoria
uname -m = x86_64
uname -r = 5.11.0-40-generic
uname -s = Linux
uname -v = #44~20.04.2-Ubuntu SMP Tue Oct 26 18:07:44 UTC 2021

/usr/bin/uname -p = x86_64
/bin/uname -X     = unknown

/bin/arch              = x86_64
/usr/bin/arch -k       = unknown
/usr/convex/getsysinfo = unknown
/usr/bin/hostinfo      = unknown
/bin/machine           = unknown
/usr/bin/oslevel       = unknown
/bin/universe          = unknown

PATH: /home/harold/Dev/privateer_python/privateerpython/bin
PATH: /home/harold/miniconda3/condabin
PATH: /home/harold/.local/bin
PATH: /home/harold/.local/bin
PATH: /usr/local/sbin
PATH: /usr/local/bin
PATH: /usr/sbin
PATH: /usr/bin
PATH: /sbin
PATH: /bin
PATH: /usr/games
PATH: /usr/local/games
PATH: /snap/bin
PATH: /home/harold/.dotnet/tools


## ----------- ##
## Core tests. ##
## ----------- ##

configure:2300: checking for a BSD-compatible install
configure:2368: result: /usr/bin/install -c
configure:2379: checking whether build environment is sane
configure:2434: result: yes
configure:2470: WARNING: 'missing' script is too old or missing
configure:2583: checking for a thread-safe mkdir -p
configure:2622: result: /usr/bin/mkdir -p
configure:2629: checking for gawk
configure:2659: result: no
configure:2629: checking for mawk
configure:2645: found /usr/bin/mawk
configure:2656: result: mawk
configure:2667: checking whether make sets $(MAKE)
configure:2689: result: yes
configure:2718: checking whether make supports nested variables
configure:2735: result: yes
configure:2865: checking whether make supports the include directive
configure:2880: make -f confmf.GNU && cat confinc.out
this is the am__doit target
configure:2883: $? = 0
configure:2902: result: yes (GNU style)
configure:2972: checking for gcc
configure:2999: result: /usr/bin/gcc
configure:3228: checking for C compiler version
configure:3237: /usr/bin/gcc --version >&5
gcc (Ubuntu 9.3.0-17ubuntu1~20.04) 9.3.0
Copyright (C) 2019 Free Software Foundation, Inc.
This is free software; see the source for copying conditions.  There is NO
warranty; not even for MERCHANTABILITY or FITNESS FOR A PARTICULAR PURPOSE.

configure:3248: $? = 0
configure:3237: /usr/bin/gcc -v >&5
Using built-in specs.
COLLECT_GCC=/usr/bin/gcc
COLLECT_LTO_WRAPPER=/usr/lib/gcc/x86_64-linux-gnu/9/lto-wrapper
OFFLOAD_TARGET_NAMES=nvptx-none:hsa
OFFLOAD_TARGET_DEFAULT=1
Target: x86_64-linux-gnu
Configured with: ../src/configure -v --with-pkgversion='Ubuntu 9.3.0-17ubuntu1~20.04' --with-bugurl=file:///usr/share/doc/gcc-9/README.Bugs --enable-languages=c,ada,c++,go,brig,d,fortran,objc,obj-c++,gm2 --prefix=/usr --with-gcc-major-version-only --program-suffix=-9 --program-prefix=x86_64-linux-gnu- --enable-shared --enable-linker-build-id --libexecdir=/usr/lib --without-included-gettext --enable-threads=posix --libdir=/usr/lib --enable-nls --enable-clocale=gnu --enable-libstdcxx-debug --enable-libstdcxx-time=yes --with-default-libstdcxx-abi=new --enable-gnu-unique-object --disable-vtable-verify --enable-plugin --enable-default-pie --with-system-zlib --with-target-system-zlib=auto --enable-objc-gc=auto --enable-multiarch --disable-werror --with-arch-32=i686 --with-abi=m64 --with-multilib-list=m32,m64,mx32 --enable-multilib --with-tune=generic --enable-offload-targets=nvptx-none=/build/gcc-9-HskZEa/gcc-9-9.3.0/debian/tmp-nvptx/usr,hsa --without-cuda-driver --enable-checking=release --build=x86_64-linux-gnu --host=x86_64-linux-gnu --target=x86_64-linux-gnu
Thread model: posix
gcc version 9.3.0 (Ubuntu 9.3.0-17ubuntu1~20.04) 
configure:3248: $? = 0
configure:3237: /usr/bin/gcc -V >&5
gcc: error: unrecognized command line option '-V'
gcc: fatal error: no input files
compilation terminated.
configure:3248: $? = 1
configure:3237: /usr/bin/gcc -qversion >&5
gcc: error: unrecognized command line option '-qversion'; did you mean '--version'?
gcc: fatal error: no input files
compilation terminated.
configure:3248: $? = 1
configure:3268: checking whether the C compiler works
configure:3290: /usr/bin/gcc -g -O2 -w -I/home/harold/Dev/privateer_python/dependencies/include -L/home/harold/Dev/privateer_python/dependencies/lib -L/home/harold/Dev/privateer_python/dependencies/lib64 conftest.c  >&5
configure:3294: $? = 0
configure:3342: result: yes
configure:3345: checking for C compiler default output file name
configure:3347: result: a.out
configure:3353: checking for suffix of executables
configure:3360: /usr/bin/gcc -o conftest -g -O2 -w -I/home/harold/Dev/privateer_python/dependencies/include -L/home/harold/Dev/privateer_python/dependencies/lib -L/home/harold/Dev/privateer_python/dependencies/lib64 conftest.c  >&5
configure:3364: $? = 0
configure:3386: result: 
configure:3408: checking whether we are cross compiling
configure:3416: /usr/bin/gcc -o conftest -g -O2 -w -I/home/harold/Dev/privateer_python/dependencies/include -L/home/harold/Dev/privateer_python/dependencies/lib -L/home/harold/Dev/privateer_python/dependencies/lib64 conftest.c  >&5
configure:3420: $? = 0
configure:3427: ./conftest
configure:3431: $? = 0
configure:3419: result: no
configure:3424: checking for suffix of object files
configure:3446: /usr/bin/gcc -c -g -O2 -w -I/home/harold/Dev/privateer_python/dependencies/include conftest.c >&5
configure:3450: $? = 0
configure:3471: result: o
configure:3475: checking whether we are using the GNU C compiler
configure:3494: /usr/bin/gcc -c -g -O2 -w -I/home/harold/Dev/privateer_python/dependencies/include conftest.c >&5
configure:3494: $? = 0
configure:3503: result: yes
configure:3512: checking whether /usr/bin/gcc accepts -g
configure:3532: /usr/bin/gcc -c -g -I/home/harold/Dev/privateer_python/dependencies/include conftest.c >&5
configure:3532: $? = 0
configure:3573: result: yes
configure:3590: checking for /usr/bin/gcc option to accept ISO C89
configure:3653: /usr/bin/gcc  -c -g -O2 -w -I/home/harold/Dev/privateer_python/dependencies/include conftest.c >&5
configure:3653: $? = 0
configure:3666: result: none needed
configure:3691: checking whether /usr/bin/gcc understands -c and -o together
configure:3713: /usr/bin/gcc -c conftest.c -o conftest2.o
configure:3716: $? = 0
configure:3713: /usr/bin/gcc -c conftest.c -o conftest2.o
configure:3716: $? = 0
configure:3728: result: yes
configure:3747: checking dependency style of /usr/bin/gcc
configure:3858: result: gcc3
configure:3923: checking for ar
configure:3939: found /usr/bin/ar
configure:3950: result: ar
configure:3976: checking the archiver (ar) interface
configure:3992: /usr/bin/gcc -c -g -O2 -w -I/home/harold/Dev/privateer_python/dependencies/include conftest.c >&5
configure:3992: $? = 0
configure:3994: ar cru libconftest.a conftest.o >&5
ar: `u' modifier ignored since `D' is the default (see `U')
configure:3997: $? = 0
configure:3996: result: ar
configure:4045: checking build system type
configure:4059: result: x86_64-unknown-linux-gnu
configure:4079: checking host system type
configure:4092: result: x86_64-unknown-linux-gnu
configure:4133: checking how to print strings
configure:4160: result: printf
configure:4181: checking for a sed that does not truncate output
configure:4245: result: /usr/bin/sed
configure:4263: checking for grep that handles long lines and -e
configure:4321: result: /usr/bin/grep
configure:4326: checking for egrep
configure:4388: result: /usr/bin/grep -E
configure:4393: checking for fgrep
configure:4455: result: /usr/bin/grep -F
configure:4490: checking for ld used by /usr/bin/gcc
configure:4557: result: /usr/bin/ld
configure:4564: checking if the linker (/usr/bin/ld) is GNU ld
configure:4579: result: yes
configure:4591: checking for BSD- or MS-compatible name lister (nm)
configure:4640: result: /usr/bin/nm -B
configure:4770: checking the name lister (/usr/bin/nm -B) interface
configure:4777: /usr/bin/gcc -c -g -O2 -w -I/home/harold/Dev/privateer_python/dependencies/include conftest.c >&5
configure:4780: /usr/bin/nm -B "conftest.o"
configure:4783: output
0000000000000000 B some_variable
configure:4784: result: BSD nm
configure:4787: checking whether ln -s works
configure:4791: result: yes
configure:4799: checking the maximum length of command line arguments
configure:4924: result: 1572864
configure:4941: checking whether the shell understands some XSI constructs
configure:4950: result: yes
configure:4954: checking whether the shell understands "+="
configure:4958: result: yes
configure:4993: checking how to convert x86_64-unknown-linux-gnu file names to x86_64-unknown-linux-gnu format
configure:5033: result: func_convert_file_noop
configure:5040: checking how to convert x86_64-unknown-linux-gnu file names to toolchain format
configure:5060: result: func_convert_file_noop
configure:5067: checking for /usr/bin/ld option to reload object files
configure:5074: result: -r
configure:5148: checking for objdump
configure:5164: found /usr/bin/objdump
configure:5175: result: objdump
configure:5204: checking how to recognize dependent libraries
configure:5406: result: pass_all
configure:5491: checking for dlltool
configure:5521: result: no
configure:5548: checking how to associate runtime and link libraries
configure:5575: result: printf %s\n
configure:5699: checking for archiver @FILE support
configure:5716: /usr/bin/gcc -c -g -O2 -w -I/home/harold/Dev/privateer_python/dependencies/include conftest.c >&5
configure:5716: $? = 0
configure:5719: ar cru libconftest.a @conftest.lst >&5
ar: `u' modifier ignored since `D' is the default (see `U')
configure:5722: $? = 0
configure:5727: ar cru libconftest.a @conftest.lst >&5
ar: `u' modifier ignored since `D' is the default (see `U')
ar: conftest.o: No such file or directory
configure:5730: $? = 1
configure:5729: result: @
configure:5787: checking for strip
configure:5803: found /usr/bin/strip
configure:5814: result: strip
configure:5886: checking for ranlib
configure:5902: found /usr/bin/ranlib
configure:5913: result: ranlib
configure:6015: checking command to parse /usr/bin/nm -B output from /usr/bin/gcc object
configure:6134: /usr/bin/gcc -c -g -O2 -w -I/home/harold/Dev/privateer_python/dependencies/include conftest.c >&5
configure:6137: $? = 0
configure:6141: /usr/bin/nm -B conftest.o \| sed -n -e 's/^.*[ ]\([ABCDGIRSTW][ABCDGIRSTW]*\)[ ][ ]*\([_A-Za-z][_A-Za-z0-9]*\)$/\1 \2 \2/p' | sed '/ __gnu_lto/d' \> conftest.nm
configure:6144: $? = 0
configure:6210: /usr/bin/gcc -o conftest -g -O2 -w -I/home/harold/Dev/privateer_python/dependencies/include -L/home/harold/Dev/privateer_python/dependencies/lib -L/home/harold/Dev/privateer_python/dependencies/lib64 conftest.c conftstm.o >&5
configure:6213: $? = 0
configure:6251: result: ok
configure:6288: checking for sysroot
configure:6318: result: no
configure:6395: /usr/bin/gcc -c -g -O2 -w -I/home/harold/Dev/privateer_python/dependencies/include conftest.c >&5
configure:6398: $? = 0
configure:6561: checking for mt
configure:6577: found /usr/bin/mt
configure:6588: result: mt
configure:6611: checking if mt is a manifest tool
configure:6617: mt '-?'
configure:6625: result: no
configure:7257: checking how to run the C preprocessor
configure:7288: /usr/bin/gcc -E -I/home/harold/Dev/privateer_python/dependencies/include conftest.c
configure:7288: $? = 0
configure:7302: /usr/bin/gcc -E -I/home/harold/Dev/privateer_python/dependencies/include conftest.c
conftest.c:11:10: fatal error: ac_nonexistent.h: No such file or directory
   11 | #include <ac_nonexistent.h>
      |          ^~~~~~~~~~~~~~~~~~
compilation terminated.
configure:7302: $? = 1
configure: failed program was:
| /* confdefs.h */
| #define PACKAGE_NAME "mmdb2"
| #define PACKAGE_TARNAME "mmdb2"
| #define PACKAGE_VERSION "2.0.19"
| #define PACKAGE_STRING "mmdb2 2.0.19"
| #define PACKAGE_BUGREPORT ""
| #define PACKAGE_URL ""
| #define PACKAGE "mmdb2"
| #define VERSION "2.0.19"
| /* end confdefs.h.  */
| #include <ac_nonexistent.h>
configure:7327: result: /usr/bin/gcc -E
configure:7347: /usr/bin/gcc -E -I/home/harold/Dev/privateer_python/dependencies/include conftest.c
configure:7347: $? = 0
configure:7361: /usr/bin/gcc -E -I/home/harold/Dev/privateer_python/dependencies/include conftest.c
conftest.c:11:10: fatal error: ac_nonexistent.h: No such file or directory
   11 | #include <ac_nonexistent.h>
      |          ^~~~~~~~~~~~~~~~~~
compilation terminated.
configure:7361: $? = 1
configure: failed program was:
| /* confdefs.h */
| #define PACKAGE_NAME "mmdb2"
| #define PACKAGE_TARNAME "mmdb2"
| #define PACKAGE_VERSION "2.0.19"
| #define PACKAGE_STRING "mmdb2 2.0.19"
| #define PACKAGE_BUGREPORT ""
| #define PACKAGE_URL ""
| #define PACKAGE "mmdb2"
| #define VERSION "2.0.19"
| /* end confdefs.h.  */
| #include <ac_nonexistent.h>
configure:7390: checking for ANSI C header files
configure:7410: /usr/bin/gcc -c -g -O2 -w -I/home/harold/Dev/privateer_python/dependencies/include conftest.c >&5
configure:7410: $? = 0
configure:7483: /usr/bin/gcc -o conftest -g -O2 -w -I/home/harold/Dev/privateer_python/dependencies/include -L/home/harold/Dev/privateer_python/dependencies/lib -L/home/harold/Dev/privateer_python/dependencies/lib64 conftest.c  >&5
configure:7483: $? = 0
configure:7483: ./conftest
configure:7483: $? = 0
configure:7494: result: yes
configure:7507: checking for sys/types.h
configure:7507: /usr/bin/gcc -c -g -O2 -w -I/home/harold/Dev/privateer_python/dependencies/include conftest.c >&5
configure:7507: $? = 0
configure:7507: result: yes
configure:7507: checking for sys/stat.h
configure:7507: /usr/bin/gcc -c -g -O2 -w -I/home/harold/Dev/privateer_python/dependencies/include conftest.c >&5
configure:7507: $? = 0
configure:7507: result: yes
configure:7507: checking for stdlib.h
configure:7507: /usr/bin/gcc -c -g -O2 -w -I/home/harold/Dev/privateer_python/dependencies/include conftest.c >&5
configure:7507: $? = 0
configure:7507: result: yes
configure:7507: checking for string.h
configure:7507: /usr/bin/gcc -c -g -O2 -w -I/home/harold/Dev/privateer_python/dependencies/include conftest.c >&5
configure:7507: $? = 0
configure:7507: result: yes
configure:7507: checking for memory.h
configure:7507: /usr/bin/gcc -c -g -O2 -w -I/home/harold/Dev/privateer_python/dependencies/include conftest.c >&5
configure:7507: $? = 0
configure:7507: result: yes
configure:7507: checking for strings.h
configure:7507: /usr/bin/gcc -c -g -O2 -w -I/home/harold/Dev/privateer_python/dependencies/include conftest.c >&5
configure:7507: $? = 0
configure:7507: result: yes
configure:7507: checking for inttypes.h
configure:7507: /usr/bin/gcc -c -g -O2 -w -I/home/harold/Dev/privateer_python/dependencies/include conftest.c >&5
configure:7507: $? = 0
configure:7507: result: yes
configure:7507: checking for stdint.h
configure:7507: /usr/bin/gcc -c -g -O2 -w -I/home/harold/Dev/privateer_python/dependencies/include conftest.c >&5
configure:7507: $? = 0
configure:7507: result: yes
configure:7507: checking for unistd.h
configure:7507: /usr/bin/gcc -c -g -O2 -w -I/home/harold/Dev/privateer_python/dependencies/include conftest.c >&5
configure:7507: $? = 0
configure:7507: result: yes
configure:7521: checking for dlfcn.h
configure:7521: /usr/bin/gcc -c -g -O2 -w -I/home/harold/Dev/privateer_python/dependencies/include conftest.c >&5
configure:7521: $? = 0
configure:7521: result: yes
configure:8005: checking for objdir
configure:8020: result: .libs
configure:8291: checking if /usr/bin/gcc supports -fno-rtti -fno-exceptions
configure:8309: /usr/bin/gcc -c -g -O2 -w -I/home/harold/Dev/privateer_python/dependencies/include -fno-rtti -fno-exceptions conftest.c >&5
configure:8313: $? = 0
configure:8326: result: yes
configure:8636: checking for /usr/bin/gcc option to produce PIC
configure:8643: result: -fPIC -DPIC
configure:8651: checking if /usr/bin/gcc PIC flag -fPIC -DPIC works
configure:8669: /usr/bin/gcc -c -g -O2 -w -I/home/harold/Dev/privateer_python/dependencies/include -fPIC -DPIC -DPIC conftest.c >&5
configure:8673: $? = 0
configure:8686: result: yes
configure:8715: checking if /usr/bin/gcc static flag -static works
configure:8743: result: yes
configure:8758: checking if /usr/bin/gcc supports -c -o file.o
configure:8779: /usr/bin/gcc -c -g -O2 -w -I/home/harold/Dev/privateer_python/dependencies/include -o out/conftest2.o conftest.c >&5
configure:8783: $? = 0
configure:8805: result: yes
configure:8813: checking if /usr/bin/gcc supports -c -o file.o
configure:8860: result: yes
configure:8893: checking whether the /usr/bin/gcc linker (/usr/bin/ld -m elf_x86_64) supports shared libraries
configure:10051: result: yes
configure:10088: checking whether -lc should be explicitly linked in
configure:10096: /usr/bin/gcc -c -g -O2 -w -I/home/harold/Dev/privateer_python/dependencies/include conftest.c >&5
configure:10099: $? = 0
configure:10114: /usr/bin/gcc -shared  -fPIC -DPIC conftest.o  -v -Wl,-soname -Wl,conftest -o conftest 2\>\&1 \| /usr/bin/grep  -lc  \>/dev/null 2\>\&1
configure:10117: $? = 0
configure:10131: result: no
configure:10296: checking dynamic linker characteristics
configure:10810: /usr/bin/gcc -o conftest -g -O2 -w -I/home/harold/Dev/privateer_python/dependencies/include -L/home/harold/Dev/privateer_python/dependencies/lib -L/home/harold/Dev/privateer_python/dependencies/lib64 -Wl,-rpath -Wl,/foo conftest.c  >&5
configure:10810: $? = 0
configure:11036: result: GNU/Linux ld.so
configure:11143: checking how to hardcode library paths into programs
configure:11168: result: immediate
configure:11708: checking whether stripping libraries is possible
configure:11713: result: yes
configure:11748: checking if libtool supports shared libraries
configure:11750: result: yes
configure:11753: checking whether to build shared libraries
configure:11774: result: yes
configure:11777: checking whether to build static libraries
configure:11781: result: no
configure:8921: checking for C++ compiler version
configure:8930: /usr/bin/g++ --version >&5
g++ (Ubuntu 9.3.0-17ubuntu1~20.04) 9.3.0
Copyright (C) 2019 Free Software Foundation, Inc.
This is free software; see the source for copying conditions.  There is NO
warranty; not even for MERCHANTABILITY or FITNESS FOR A PARTICULAR PURPOSE.

configure:8941: $? = 0
configure:8930: /usr/bin/g++ -v >&5
Using built-in specs.
COLLECT_GCC=/usr/bin/g++
COLLECT_LTO_WRAPPER=/usr/lib/gcc/x86_64-linux-gnu/9/lto-wrapper
OFFLOAD_TARGET_NAMES=nvptx-none:hsa
OFFLOAD_TARGET_DEFAULT=1
Target: x86_64-linux-gnu
Configured with: ../src/configure -v --with-pkgversion='Ubuntu 9.3.0-17ubuntu1~20.04' --with-bugurl=file:///usr/share/doc/gcc-9/README.Bugs --enable-languages=c,ada,c++,go,brig,d,fortran,objc,obj-c++,gm2 --prefix=/usr --with-gcc-major-version-only --program-suffix=-9 --program-prefix=x86_64-linux-gnu- --enable-shared --enable-linker-build-id --libexecdir=/usr/lib --without-included-gettext --enable-threads=posix --libdir=/usr/lib --enable-nls --enable-clocale=gnu --enable-libstdcxx-debug --enable-libstdcxx-time=yes --with-default-libstdcxx-abi=new --enable-gnu-unique-object --disable-vtable-verify --enable-plugin --enable-default-pie --with-system-zlib --with-target-system-zlib=auto --enable-objc-gc=auto --enable-multiarch --disable-werror --with-arch-32=i686 --with-abi=m64 --with-multilib-list=m32,m64,mx32 --enable-multilib --with-tune=generic --enable-offload-targets=nvptx-none=/build/gcc-9-HskZEa/gcc-9-9.3.0/debian/tmp-nvptx/usr,hsa --without-cuda-driver --enable-checking=release --build=x86_64-linux-gnu --host=x86_64-linux-gnu --target=x86_64-linux-gnu
Thread model: posix
gcc version 9.3.0 (Ubuntu 9.3.0-17ubuntu1~20.04) 
configure:8941: $? = 0
configure:8930: /usr/bin/g++ -V >&5
g++: error: unrecognized command line option '-V'
g++: fatal error: no input files
compilation terminated.
configure:8941: $? = 1
configure:8930: /usr/bin/g++ -qversion >&5
g++: error: unrecognized command line option '-qversion'; did you mean '--version'?
g++: fatal error: no input files
compilation terminated.
configure:8941: $? = 1
configure:8945: checking whether we are using the GNU C++ compiler
configure:8964: /usr/bin/g++ -c -g -O2 -w -std=c++11 -I/home/harold/Dev/privateer_python/dependencies/include conftest.cpp >&5
configure:8964: $? = 0
configure:8973: result: yes
configure:8982: checking whether /usr/bin/g++ accepts -g
configure:9002: /usr/bin/g++ -c -g -I/home/harold/Dev/privateer_python/dependencies/include conftest.cpp >&5
configure:9002: $? = 0
configure:9043: result: yes
configure:9068: checking dependency style of /usr/bin/g++
configure:9179: result: gcc3
configure:9212: checking how to run the C++ preprocessor
configure:9239: /usr/bin/g++ -E -I/home/harold/Dev/privateer_python/dependencies/include conftest.cpp
configure:9239: $? = 0
configure:9253: /usr/bin/g++ -E -I/home/harold/Dev/privateer_python/dependencies/include conftest.cpp
conftest.cpp:23:10: fatal error: ac_nonexistent.h: No such file or directory
   23 | #include <ac_nonexistent.h>
      |          ^~~~~~~~~~~~~~~~~~
compilation terminated.
configure:9253: $? = 1
configure: failed program was:
| /* confdefs.h */
| #define PACKAGE_NAME "mmdb2"
| #define PACKAGE_TARNAME "mmdb2"
| #define PACKAGE_VERSION "2.0.19"
| #define PACKAGE_STRING "mmdb2 2.0.19"
| #define PACKAGE_BUGREPORT ""
| #define PACKAGE_URL ""
| #define PACKAGE "mmdb2"
| #define VERSION "2.0.19"
| #define STDC_HEADERS 1
| #define HAVE_SYS_TYPES_H 1
| #define HAVE_SYS_STAT_H 1
| #define HAVE_STDLIB_H 1
| #define HAVE_STRING_H 1
| #define HAVE_MEMORY_H 1
| #define HAVE_STRINGS_H 1
| #define HAVE_INTTYPES_H 1
| #define HAVE_STDINT_H 1
| #define HAVE_UNISTD_H 1
| #define HAVE_DLFCN_H 1
| #define LT_OBJDIR ".libs/"
| /* end confdefs.h.  */
| #include <ac_nonexistent.h>
configure:9278: result: /usr/bin/g++ -E
configure:9298: /usr/bin/g++ -E -I/home/harold/Dev/privateer_python/dependencies/include conftest.cpp
configure:9298: $? = 0
configure:9312: /usr/bin/g++ -E -I/home/harold/Dev/privateer_python/dependencies/include conftest.cpp
conftest.cpp:23:10: fatal error: ac_nonexistent.h: No such file or directory
   23 | #include <ac_nonexistent.h>
      |          ^~~~~~~~~~~~~~~~~~
compilation terminated.
configure:9312: $? = 1
configure: failed program was:
| /* confdefs.h */
| #define PACKAGE_NAME "mmdb2"
| #define PACKAGE_TARNAME "mmdb2"
| #define PACKAGE_VERSION "2.0.19"
| #define PACKAGE_STRING "mmdb2 2.0.19"
| #define PACKAGE_BUGREPORT ""
| #define PACKAGE_URL ""
| #define PACKAGE "mmdb2"
| #define VERSION "2.0.19"
| #define STDC_HEADERS 1
| #define HAVE_SYS_TYPES_H 1
| #define HAVE_SYS_STAT_H 1
| #define HAVE_STDLIB_H 1
| #define HAVE_STRING_H 1
| #define HAVE_MEMORY_H 1
| #define HAVE_STRINGS_H 1
| #define HAVE_INTTYPES_H 1
| #define HAVE_STDINT_H 1
| #define HAVE_UNISTD_H 1
| #define HAVE_DLFCN_H 1
| #define LT_OBJDIR ".libs/"
| /* end confdefs.h.  */
| #include <ac_nonexistent.h>
configure:9482: checking for ld used by /usr/bin/g++
configure:9549: result: /usr/bin/ld -m elf_x86_64
configure:9556: checking if the linker (/usr/bin/ld -m elf_x86_64) is GNU ld
configure:9571: result: yes
configure:9626: checking whether the /usr/bin/g++ linker (/usr/bin/ld -m elf_x86_64) supports shared libraries
configure:10630: result: yes
configure:10665: /usr/bin/g++ -c -g -O2 -w -std=c++11 -I/home/harold/Dev/privateer_python/dependencies/include conftest.cpp >&5
configure:10668: $? = 0
configure:11188: checking for /usr/bin/g++ option to produce PIC
configure:11195: result: -fPIC -DPIC
configure:11203: checking if /usr/bin/g++ PIC flag -fPIC -DPIC works
configure:11221: /usr/bin/g++ -c -g -O2 -w -std=c++11 -I/home/harold/Dev/privateer_python/dependencies/include -fPIC -DPIC -DPIC conftest.cpp >&5
configure:11225: $? = 0
configure:11238: result: yes
configure:11261: checking if /usr/bin/g++ static flag -static works
configure:11289: result: yes
configure:11301: checking if /usr/bin/g++ supports -c -o file.o
configure:11322: /usr/bin/g++ -c -g -O2 -w -std=c++11 -I/home/harold/Dev/privateer_python/dependencies/include -o out/conftest2.o conftest.cpp >&5
configure:11326: $? = 0
configure:11348: result: yes
configure:11353: checking if /usr/bin/g++ supports -c -o file.o
configure:11400: result: yes
configure:11430: checking whether the /usr/bin/g++ linker (/usr/bin/ld -m elf_x86_64) supports shared libraries
configure:11464: result: yes
configure:11607: checking dynamic linker characteristics
configure:12281: result: GNU/Linux ld.so
configure:12334: checking how to hardcode library paths into programs
configure:12359: result: immediate
configure:11350: /usr/bin/g++ -o conftest -g -O2 -w -std=c++11 -I/home/harold/Dev/privateer_python/dependencies/include -L/home/harold/Dev/privateer_python/dependencies/lib -L/home/harold/Dev/privateer_python/dependencies/lib64 conftest.cpp  >&5
configure:11350: $? = 0
configure:11365: checking whether to enable maintainer-specific portions of Makefiles
configure:11374: result: no
configure:11387: checking for library containing cos
configure:11418: /usr/bin/gcc -o conftest -g -O2 -w -I/home/harold/Dev/privateer_python/dependencies/include -L/home/harold/Dev/privateer_python/dependencies/lib -L/home/harold/Dev/privateer_python/dependencies/lib64 conftest.c  >&5
/usr/bin/ld: /tmp/cctWsZmh.o: in function `main':
/home/harold/Dev/privateer_python/dependencies/mmdb2/mmdb2-2.0.19/conftest.c:34: undefined reference to `cos'
collect2: error: ld returned 1 exit status
configure:11418: $? = 1
configure: failed program was:
| /* confdefs.h */
| #define PACKAGE_NAME "mmdb2"
| #define PACKAGE_TARNAME "mmdb2"
| #define PACKAGE_VERSION "2.0.19"
| #define PACKAGE_STRING "mmdb2 2.0.19"
| #define PACKAGE_BUGREPORT ""
| #define PACKAGE_URL ""
| #define PACKAGE "mmdb2"
| #define VERSION "2.0.19"
| #define STDC_HEADERS 1
| #define HAVE_SYS_TYPES_H 1
| #define HAVE_SYS_STAT_H 1
| #define HAVE_STDLIB_H 1
| #define HAVE_STRING_H 1
| #define HAVE_MEMORY_H 1
| #define HAVE_STRINGS_H 1
| #define HAVE_INTTYPES_H 1
| #define HAVE_STDINT_H 1
| #define HAVE_UNISTD_H 1
| #define HAVE_DLFCN_H 1
| #define LT_OBJDIR ".libs/"
| /* end confdefs.h.  */
| 
| /* Override any GCC internal prototype to avoid an error.
|    Use char because int might match the return type of a GCC
|    builtin and then its argument prototype would still apply.  */
| #ifdef __cplusplus
| extern "C"
| #endif
| char cos ();
| int
| main ()
| {
| return cos ();
|   ;
|   return 0;
| }
configure:11418: /usr/bin/gcc -o conftest -g -O2 -w -I/home/harold/Dev/privateer_python/dependencies/include -L/home/harold/Dev/privateer_python/dependencies/lib -L/home/harold/Dev/privateer_python/dependencies/lib64 conftest.c -lm   >&5
configure:11418: $? = 0
configure:11435: result: -lm
configure:11548: checking that generated files are newer than configure
configure:11554: result: done
configure:11585: creating ./config.status

## ---------------------- ##
## Running config.status. ##
## ---------------------- ##

This file was extended by mmdb2 config.status 2.0.19, which was
generated by GNU Autoconf 2.69.  Invocation command line was

  CONFIG_FILES    = 
  CONFIG_HEADERS  = 
  CONFIG_LINKS    = 
  CONFIG_COMMANDS = 
  $ ./config.status 

on victoria

config.status:1146: creating Makefile
config.status:1146: creating mmdb2.pc
config.status:1146: creating config.h
config.status:1375: executing depfiles commands
config.status:1452: cd .       && sed -e '/# am--include-marker/d' Makefile         | make -f - am--depfiles
config.status:1457: $? = 0
config.status:1375: executing libtool commands
configure:14084: WARNING: unrecognized options: --disable-Werror

## ---------------- ##
## Cache variables. ##
## ---------------- ##

ac_cv_build=x86_64-unknown-linux-gnu
ac_cv_c_compiler_gnu=yes
ac_cv_cxx_compiler_gnu=yes
ac_cv_env_CCC_set=
ac_cv_env_CCC_value=
ac_cv_env_CC_set=set
ac_cv_env_CC_value=/usr/bin/gcc
ac_cv_env_CFLAGS_set=set
ac_cv_env_CFLAGS_value='-g -O2 -w'
ac_cv_env_CPPFLAGS_set=set
ac_cv_env_CPPFLAGS_value=-I/home/harold/Dev/privateer_python/dependencies/include
ac_cv_env_CPP_set=
ac_cv_env_CPP_value=
ac_cv_env_CXXCPP_set=
ac_cv_env_CXXCPP_value=
ac_cv_env_CXXFLAGS_set=set
ac_cv_env_CXXFLAGS_value='-g -O2 -w -std=c++11'
ac_cv_env_CXX_set=set
ac_cv_env_CXX_value=/usr/bin/g++
ac_cv_env_LDFLAGS_set=set
ac_cv_env_LDFLAGS_value='-L/home/harold/Dev/privateer_python/dependencies/lib -L/home/harold/Dev/privateer_python/dependencies/lib64'
ac_cv_env_LIBS_set=
ac_cv_env_LIBS_value=
ac_cv_env_build_alias_set=
ac_cv_env_build_alias_value=
ac_cv_env_host_alias_set=
ac_cv_env_host_alias_value=
ac_cv_env_target_alias_set=
ac_cv_env_target_alias_value=
ac_cv_header_dlfcn_h=yes
ac_cv_header_inttypes_h=yes
ac_cv_header_memory_h=yes
ac_cv_header_stdc=yes
ac_cv_header_stdint_h=yes
ac_cv_header_stdlib_h=yes
ac_cv_header_string_h=yes
ac_cv_header_strings_h=yes
ac_cv_header_sys_stat_h=yes
ac_cv_header_sys_types_h=yes
ac_cv_header_unistd_h=yes
ac_cv_host=x86_64-unknown-linux-gnu
ac_cv_objext=o
ac_cv_path_EGREP='/usr/bin/grep -E'
ac_cv_path_FGREP='/usr/bin/grep -F'
ac_cv_path_GREP=/usr/bin/grep
ac_cv_path_SED=/usr/bin/sed
ac_cv_path_install='/usr/bin/install -c'
ac_cv_path_mkdir=/usr/bin/mkdir
ac_cv_prog_AWK=mawk
ac_cv_prog_CPP='/usr/bin/gcc -E'
ac_cv_prog_CXXCPP='/usr/bin/g++ -E'
ac_cv_prog_ac_ct_AR=ar
ac_cv_prog_ac_ct_CC=/usr/bin/gcc
ac_cv_prog_ac_ct_MANIFEST_TOOL=mt
ac_cv_prog_ac_ct_OBJDUMP=objdump
ac_cv_prog_ac_ct_RANLIB=ranlib
ac_cv_prog_ac_ct_STRIP=strip
ac_cv_prog_cc_c89=
ac_cv_prog_cc_g=yes
ac_cv_prog_cxx_g=yes
ac_cv_prog_make_make_set=yes
ac_cv_search_cos=-lm
am_cv_CC_dependencies_compiler_type=gcc3
am_cv_CXX_dependencies_compiler_type=gcc3
am_cv_ar_interface=ar
am_cv_make_support_nested_variables=yes
am_cv_prog_cc_c_o=yes
lt_cv_ar_at_file=@
lt_cv_archive_cmds_need_lc=no
lt_cv_deplibs_check_method=pass_all
lt_cv_file_magic_cmd='$MAGIC_CMD'
lt_cv_file_magic_test_file=
lt_cv_ld_reload_flag=-r
lt_cv_nm_interface='BSD nm'
lt_cv_objdir=.libs
lt_cv_path_LD=/usr/bin/ld
lt_cv_path_LDCXX='/usr/bin/ld -m elf_x86_64'
lt_cv_path_NM='/usr/bin/nm -B'
lt_cv_path_mainfest_tool=no
lt_cv_prog_compiler_c_o=yes
lt_cv_prog_compiler_c_o_CXX=yes
lt_cv_prog_compiler_pic='-fPIC -DPIC'
lt_cv_prog_compiler_pic_CXX='-fPIC -DPIC'
lt_cv_prog_compiler_pic_works=yes
lt_cv_prog_compiler_pic_works_CXX=yes
lt_cv_prog_compiler_rtti_exceptions=yes
lt_cv_prog_compiler_static_works=yes
lt_cv_prog_compiler_static_works_CXX=yes
lt_cv_prog_gnu_ld=yes
lt_cv_prog_gnu_ldcxx=yes
lt_cv_sharedlib_from_linklib_cmd='printf %s\n'
lt_cv_shlibpath_overrides_runpath=yes
lt_cv_sys_global_symbol_pipe='sed -n -e '\''s/^.*[	 ]\([ABCDGIRSTW][ABCDGIRSTW]*\)[	 ][	 ]*\([_A-Za-z][_A-Za-z0-9]*\)$/\1 \2 \2/p'\'' | sed '\''/ __gnu_lto/d'\'''
lt_cv_sys_global_symbol_to_c_name_address='sed -n -e '\''s/^: \([^ ]*\)[ ]*$/  {\"\1\", (void *) 0},/p'\'' -e '\''s/^[ABCDGIRSTW]* \([^ ]*\) \([^ ]*\)$/  {"\2", (void *) \&\2},/p'\'''
lt_cv_sys_global_symbol_to_c_name_address_lib_prefix='sed -n -e '\''s/^: \([^ ]*\)[ ]*$/  {\"\1\", (void *) 0},/p'\'' -e '\''s/^[ABCDGIRSTW]* \([^ ]*\) \(lib[^ ]*\)$/  {"\2", (void *) \&\2},/p'\'' -e '\''s/^[ABCDGIRSTW]* \([^ ]*\) \([^ ]*\)$/  {"lib\2", (void *) \&\2},/p'\'''
lt_cv_sys_global_symbol_to_cdecl='sed -n -e '\''s/^T .* \(.*\)$/extern int \1();/p'\'' -e '\''s/^[ABCDGIRSTW]* .* \(.*\)$/extern char \1;/p'\'''
lt_cv_sys_max_cmd_len=1572864
lt_cv_to_host_file_cmd=func_convert_file_noop
lt_cv_to_tool_file_cmd=func_convert_file_noop

## ----------------- ##
## Output variables. ##
## ----------------- ##

ACLOCAL='aclocal-1.16'
AMDEPBACKSLASH='\'
AMDEP_FALSE='#'
AMDEP_TRUE=''
AMTAR='$${TAR-tar}'
AM_BACKSLASH='\'
AM_DEFAULT_V='$(AM_DEFAULT_VERBOSITY)'
AM_DEFAULT_VERBOSITY='0'
AM_V='$(V)'
AR='ar'
AS='as'
AUTOCONF='autoconf'
AUTOHEADER='autoheader'
AUTOMAKE='automake-1.16'
AWK='mawk'
CC='/usr/bin/gcc'
CCDEPMODE='depmode=gcc3'
CFLAGS='-g -O2 -w'
CPP='/usr/bin/gcc -E'
CPPFLAGS='-I/home/harold/Dev/privateer_python/dependencies/include'
CXX='/usr/bin/g++'
CXXCPP='/usr/bin/g++ -E'
CXXDEPMODE='depmode=gcc3'
CXXFLAGS='-g -O2 -w -std=c++11'
CYGPATH_W='echo'
DEFS='-DHAVE_CONFIG_H'
DEPDIR='.deps'
DLLTOOL='false'
DSYMUTIL=''
DUMPBIN=''
ECHO_C=''
ECHO_N='-n'
ECHO_T=''
EGREP='/usr/bin/grep -E'
EXEEXT=''
FGREP='/usr/bin/grep -F'
GREP='/usr/bin/grep'
INSTALL_DATA='${INSTALL} -m 644'
INSTALL_PROGRAM='${INSTALL}'
INSTALL_SCRIPT='${INSTALL}'
INSTALL_STRIP_PROGRAM='$(install_sh) -c -s'
LD='/usr/bin/ld -m elf_x86_64'
LDFLAGS='-L/home/harold/Dev/privateer_python/dependencies/lib -L/home/harold/Dev/privateer_python/dependencies/lib64'
LIBOBJS=''
LIBS='-lm '
LIBTOOL='$(SHELL) $(top_builddir)/libtool'
LIPO=''
LN_S='ln -s'
LTLIBOBJS=''
MAINT='#'
MAINTAINER_MODE_FALSE=''
MAINTAINER_MODE_TRUE='#'
MAKEINFO='makeinfo'
MANIFEST_TOOL=':'
MKDIR_P='/usr/bin/mkdir -p'
NM='/usr/bin/nm -B'
NMEDIT=''
OBJDUMP='objdump'
OBJEXT='o'
OTOOL64=''
OTOOL=''
PACKAGE='mmdb2'
PACKAGE_BUGREPORT=''
PACKAGE_NAME='mmdb2'
PACKAGE_STRING='mmdb2 2.0.19'
PACKAGE_TARNAME='mmdb2'
PACKAGE_URL=''
PACKAGE_VERSION='2.0.19'
PATH_SEPARATOR=':'
RANLIB='ranlib'
SED='/usr/bin/sed'
SET_MAKE=''
SHELL='/bin/bash'
STRIP='strip'
VERSION='2.0.19'
ac_ct_AR='ar'
ac_ct_CC='/usr/bin/gcc'
ac_ct_CXX=''
ac_ct_DUMPBIN=''
am__EXEEXT_FALSE=''
am__EXEEXT_TRUE='#'
am__fastdepCC_FALSE='#'
am__fastdepCC_TRUE=''
am__fastdepCXX_FALSE='#'
am__fastdepCXX_TRUE=''
am__include='include'
am__isrc=''
am__leading_dot='.'
am__nodep='_no'
am__quote=''
am__tar='$${TAR-tar} chof - "$$tardir"'
am__untar='$${TAR-tar} xf -'
bindir='${exec_prefix}/bin'
build='x86_64-unknown-linux-gnu'
build_alias=''
build_cpu='x86_64'
build_os='linux-gnu'
build_vendor='unknown'
datadir='${datarootdir}'
datarootdir='${prefix}/share'
docdir='${datarootdir}/doc/${PACKAGE_TARNAME}'
dvidir='${docdir}'
exec_prefix='${prefix}'
host='x86_64-unknown-linux-gnu'
host_alias=''
host_cpu='x86_64'
host_os='linux-gnu'
host_vendor='unknown'
htmldir='${docdir}'
includedir='${prefix}/include'
infodir='${datarootdir}/info'
install_sh='${SHELL} /home/harold/Dev/privateer_python/dependencies/mmdb2/mmdb2-2.0.19/build-aux/install-sh'
libdir='${exec_prefix}/lib'
libexecdir='${exec_prefix}/libexec'
localedir='${datarootdir}/locale'
localstatedir='${prefix}/var'
mandir='${datarootdir}/man'
mkdir_p='$(MKDIR_P)'
oldincludedir='/usr/include'
pdfdir='${docdir}'
prefix='/home/harold/Dev/privateer_python/dependencies'
program_transform_name='s,x,x,'
psdir='${docdir}'
sbindir='${exec_prefix}/sbin'
sharedstatedir='${prefix}/com'
sysconfdir='${prefix}/etc'
target_alias=''

## ----------- ##
## confdefs.h. ##
## ----------- ##

/* confdefs.h */
#define PACKAGE_NAME "mmdb2"
#define PACKAGE_TARNAME "mmdb2"
#define PACKAGE_VERSION "2.0.19"
#define PACKAGE_STRING "mmdb2 2.0.19"
#define PACKAGE_BUGREPORT ""
#define PACKAGE_URL ""
#define PACKAGE "mmdb2"
#define VERSION "2.0.19"
#define STDC_HEADERS 1
#define HAVE_SYS_TYPES_H 1
#define HAVE_SYS_STAT_H 1
#define HAVE_STDLIB_H 1
#define HAVE_STRING_H 1
#define HAVE_MEMORY_H 1
#define HAVE_STRINGS_H 1
#define HAVE_INTTYPES_H 1
#define HAVE_STDINT_H 1
#define HAVE_UNISTD_H 1
#define HAVE_DLFCN_H 1
#define LT_OBJDIR ".libs/"

configure: exit 0
