This file contains any messages produced by compilers while
running configure, to aid debugging if configure makes a mistake.

It was created by ccp4srs configure 1.0.0, which was
generated by GNU Autoconf 2.69.  Invocation command line was

  $ ./configure CXXFLAGS=-g -O2 -w -std=c++11 CCFLAGS=-g -O2 -w --prefix=/home/harold/Dev/privateer_python/dependencies --disable-Werror --enable-silent-rules --enable-shared --disable-static

## --------- ##
## Platform. ##
## --------- ##

hostname = victoria
uname -m = x86_64
uname -r = 5.11.0-40-generic
uname -s = Linux
uname -v = #44~20.04.2-Ubuntu SMP Tue Oct 26 18:07:44 UTC 2021

/usr/bin/uname -p = x86_64
/bin/uname -X     = unknown

/bin/arch              = x86_64
/usr/bin/arch -k       = unknown
/usr/convex/getsysinfo = unknown
/usr/bin/hostinfo      = unknown
/bin/machine           = unknown
/usr/bin/oslevel       = unknown
/bin/universe          = unknown

PATH: /home/harold/Dev/privateer_python/privateerpython/bin
PATH: /home/harold/miniconda3/condabin
PATH: /home/harold/.local/bin
PATH: /home/harold/.local/bin
PATH: /usr/local/sbin
PATH: /usr/local/bin
PATH: /usr/sbin
PATH: /usr/bin
PATH: /sbin
PATH: /bin
PATH: /usr/games
PATH: /usr/local/games
PATH: /snap/bin
PATH: /home/harold/.dotnet/tools


## ----------- ##
## Core tests. ##
## ----------- ##

configure:2474: checking for a BSD-compatible install
configure:2542: result: /usr/bin/install -c
configure:2553: checking whether build environment is sane
configure:2608: result: yes
configure:2757: checking for a thread-safe mkdir -p
configure:2796: result: /usr/bin/mkdir -p
configure:2803: checking for gawk
configure:2833: result: no
configure:2803: checking for mawk
configure:2819: found /usr/bin/mawk
configure:2830: result: mawk
configure:2841: checking whether make sets $(MAKE)
configure:2863: result: yes
configure:2892: checking whether make supports nested variables
configure:2909: result: yes
configure:3005: checking for style of include used by make
configure:3033: result: GNU
configure:3104: checking for gcc
configure:3131: result: /usr/bin/gcc
configure:3360: checking for C compiler version
configure:3369: /usr/bin/gcc --version >&5
gcc (Ubuntu 9.3.0-17ubuntu1~20.04) 9.3.0
Copyright (C) 2019 Free Software Foundation, Inc.
This is free software; see the source for copying conditions.  There is NO
warranty; not even for MERCHANTABILITY or FITNESS FOR A PARTICULAR PURPOSE.

configure:3380: $? = 0
configure:3369: /usr/bin/gcc -v >&5
Using built-in specs.
COLLECT_GCC=/usr/bin/gcc
COLLECT_LTO_WRAPPER=/usr/lib/gcc/x86_64-linux-gnu/9/lto-wrapper
OFFLOAD_TARGET_NAMES=nvptx-none:hsa
OFFLOAD_TARGET_DEFAULT=1
Target: x86_64-linux-gnu
Configured with: ../src/configure -v --with-pkgversion='Ubuntu 9.3.0-17ubuntu1~20.04' --with-bugurl=file:///usr/share/doc/gcc-9/README.Bugs --enable-languages=c,ada,c++,go,brig,d,fortran,objc,obj-c++,gm2 --prefix=/usr --with-gcc-major-version-only --program-suffix=-9 --program-prefix=x86_64-linux-gnu- --enable-shared --enable-linker-build-id --libexecdir=/usr/lib --without-included-gettext --enable-threads=posix --libdir=/usr/lib --enable-nls --enable-clocale=gnu --enable-libstdcxx-debug --enable-libstdcxx-time=yes --with-default-libstdcxx-abi=new --enable-gnu-unique-object --disable-vtable-verify --enable-plugin --enable-default-pie --with-system-zlib --with-target-system-zlib=auto --enable-objc-gc=auto --enable-multiarch --disable-werror --with-arch-32=i686 --with-abi=m64 --with-multilib-list=m32,m64,mx32 --enable-multilib --with-tune=generic --enable-offload-targets=nvptx-none=/build/gcc-9-HskZEa/gcc-9-9.3.0/debian/tmp-nvptx/usr,hsa --without-cuda-driver --enable-checking=release --build=x86_64-linux-gnu --host=x86_64-linux-gnu --target=x86_64-linux-gnu
Thread model: posix
gcc version 9.3.0 (Ubuntu 9.3.0-17ubuntu1~20.04) 
configure:3380: $? = 0
configure:3369: /usr/bin/gcc -V >&5
gcc: error: unrecognized command line option '-V'
gcc: fatal error: no input files
compilation terminated.
configure:3380: $? = 1
configure:3369: /usr/bin/gcc -qversion >&5
gcc: error: unrecognized command line option '-qversion'; did you mean '--version'?
gcc: fatal error: no input files
compilation terminated.
configure:3380: $? = 1
configure:3400: checking whether the C compiler works
configure:3422: /usr/bin/gcc  -I/home/harold/Dev/privateer_python/dependencies/include -L/home/harold/Dev/privateer_python/dependencies/lib -L/home/harold/Dev/privateer_python/dependencies/lib64 conftest.c  >&5
configure:3426: $? = 0
configure:3474: result: yes
configure:3477: checking for C compiler default output file name
configure:3479: result: a.out
configure:3485: checking for suffix of executables
configure:3492: /usr/bin/gcc -o conftest  -I/home/harold/Dev/privateer_python/dependencies/include -L/home/harold/Dev/privateer_python/dependencies/lib -L/home/harold/Dev/privateer_python/dependencies/lib64 conftest.c  >&5
configure:3496: $? = 0
configure:3518: result: 
configure:3540: checking whether we are cross compiling
configure:3548: /usr/bin/gcc -o conftest  -I/home/harold/Dev/privateer_python/dependencies/include -L/home/harold/Dev/privateer_python/dependencies/lib -L/home/harold/Dev/privateer_python/dependencies/lib64 conftest.c  >&5
configure:3552: $? = 0
configure:3559: ./conftest
configure:3563: $? = 0
configure:3551: result: no
configure:3556: checking for suffix of object files
configure:3578: /usr/bin/gcc -c  -I/home/harold/Dev/privateer_python/dependencies/include conftest.c >&5
configure:3582: $? = 0
configure:3603: result: o
configure:3607: checking whether we are using the GNU C compiler
configure:3626: /usr/bin/gcc -c  -I/home/harold/Dev/privateer_python/dependencies/include conftest.c >&5
configure:3626: $? = 0
configure:3635: result: yes
configure:3644: checking whether /usr/bin/gcc accepts -g
configure:3664: /usr/bin/gcc -c -g -I/home/harold/Dev/privateer_python/dependencies/include conftest.c >&5
configure:3664: $? = 0
configure:3705: result: yes
configure:3722: checking for /usr/bin/gcc option to accept ISO C89
configure:3785: /usr/bin/gcc  -c -g -O2 -I/home/harold/Dev/privateer_python/dependencies/include conftest.c >&5
configure:3785: $? = 0
configure:3798: result: none needed
configure:3820: checking dependency style of /usr/bin/gcc
configure:3931: result: gcc3
configure:3996: checking for ar
configure:4012: found /usr/bin/ar
configure:4023: result: ar
configure:4049: checking the archiver (ar) interface
configure:4059: /usr/bin/gcc -c -g -O2 -I/home/harold/Dev/privateer_python/dependencies/include conftest.c >&5
configure:4059: $? = 0
configure:4061: ar cru libconftest.a conftest.o >&5
ar: `u' modifier ignored since `D' is the default (see `U')
configure:4064: $? = 0
configure:4063: result: ar
configure:4112: checking build system type
configure:4126: result: x86_64-unknown-linux-gnu
configure:4146: checking host system type
configure:4159: result: x86_64-unknown-linux-gnu
configure:4200: checking how to print strings
configure:4227: result: printf
configure:4248: checking for a sed that does not truncate output
configure:4312: result: /usr/bin/sed
configure:4330: checking for grep that handles long lines and -e
configure:4388: result: /usr/bin/grep
configure:4393: checking for egrep
configure:4455: result: /usr/bin/grep -E
configure:4460: checking for fgrep
configure:4522: result: /usr/bin/grep -F
configure:4557: checking for ld used by /usr/bin/gcc
configure:4624: result: /usr/bin/ld
configure:4631: checking if the linker (/usr/bin/ld) is GNU ld
configure:4646: result: yes
configure:4658: checking for BSD- or MS-compatible name lister (nm)
configure:4707: result: /usr/bin/nm -B
configure:4837: checking the name lister (/usr/bin/nm -B) interface
configure:4844: /usr/bin/gcc -c -g -O2 -I/home/harold/Dev/privateer_python/dependencies/include conftest.c >&5
configure:4847: /usr/bin/nm -B "conftest.o"
configure:4850: output
0000000000000000 B some_variable
configure:4851: result: BSD nm
configure:4854: checking whether ln -s works
configure:4858: result: yes
configure:4866: checking the maximum length of command line arguments
configure:4996: result: 1572864
configure:5013: checking whether the shell understands some XSI constructs
configure:5022: result: yes
configure:5026: checking whether the shell understands "+="
configure:5030: result: yes
configure:5065: checking how to convert x86_64-unknown-linux-gnu file names to x86_64-unknown-linux-gnu format
configure:5105: result: func_convert_file_noop
configure:5112: checking how to convert x86_64-unknown-linux-gnu file names to toolchain format
configure:5132: result: func_convert_file_noop
configure:5139: checking for /usr/bin/ld option to reload object files
configure:5146: result: -r
configure:5220: checking for objdump
configure:5236: found /usr/bin/objdump
configure:5247: result: objdump
configure:5276: checking how to recognize dependent libraries
configure:5478: result: pass_all
configure:5563: checking for dlltool
configure:5593: result: no
configure:5620: checking how to associate runtime and link libraries
configure:5647: result: printf %s\n
configure:5771: checking for archiver @FILE support
configure:5788: /usr/bin/gcc -c -g -O2 -I/home/harold/Dev/privateer_python/dependencies/include conftest.c >&5
configure:5788: $? = 0
configure:5791: ar cru libconftest.a @conftest.lst >&5
ar: `u' modifier ignored since `D' is the default (see `U')
configure:5794: $? = 0
configure:5799: ar cru libconftest.a @conftest.lst >&5
ar: `u' modifier ignored since `D' is the default (see `U')
ar: conftest.o: No such file or directory
configure:5802: $? = 1
configure:5801: result: @
configure:5859: checking for strip
configure:5875: found /usr/bin/strip
configure:5886: result: strip
configure:5958: checking for ranlib
configure:5974: found /usr/bin/ranlib
configure:5985: result: ranlib
configure:6087: checking command to parse /usr/bin/nm -B output from /usr/bin/gcc object
configure:6207: /usr/bin/gcc -c -g -O2 -I/home/harold/Dev/privateer_python/dependencies/include conftest.c >&5
configure:6210: $? = 0
configure:6214: /usr/bin/nm -B conftest.o \| sed -n -e 's/^.*[ ]\([ABCDGIRSTW][ABCDGIRSTW]*\)[ ][ ]*\([_A-Za-z][_A-Za-z0-9]*\)$/\1 \2 \2/p' | sed '/ __gnu_lto/d' \> conftest.nm
configure:6217: $? = 0
configure:6283: /usr/bin/gcc -o conftest -g -O2 -I/home/harold/Dev/privateer_python/dependencies/include -L/home/harold/Dev/privateer_python/dependencies/lib -L/home/harold/Dev/privateer_python/dependencies/lib64 conftest.c conftstm.o >&5
configure:6286: $? = 0
configure:6324: result: ok
configure:6361: checking for sysroot
configure:6391: result: no
configure:6468: /usr/bin/gcc -c -g -O2 -I/home/harold/Dev/privateer_python/dependencies/include conftest.c >&5
configure:6471: $? = 0
configure:6647: checking for mt
configure:6663: found /usr/bin/mt
configure:6674: result: mt
configure:6697: checking if mt is a manifest tool
configure:6703: mt '-?'
configure:6711: result: no
configure:7353: checking how to run the C preprocessor
configure:7384: /usr/bin/gcc -E -I/home/harold/Dev/privateer_python/dependencies/include conftest.c
configure:7384: $? = 0
configure:7398: /usr/bin/gcc -E -I/home/harold/Dev/privateer_python/dependencies/include conftest.c
conftest.c:11:10: fatal error: ac_nonexistent.h: No such file or directory
   11 | #include <ac_nonexistent.h>
      |          ^~~~~~~~~~~~~~~~~~
compilation terminated.
configure:7398: $? = 1
configure: failed program was:
| /* confdefs.h */
| #define PACKAGE_NAME "ccp4srs"
| #define PACKAGE_TARNAME "ccp4srs"
| #define PACKAGE_VERSION "1.0.0"
| #define PACKAGE_STRING "ccp4srs 1.0.0"
| #define PACKAGE_BUGREPORT ""
| #define PACKAGE_URL ""
| #define PACKAGE "ccp4srs"
| #define VERSION "1.0.0"
| /* end confdefs.h.  */
| #include <ac_nonexistent.h>
configure:7423: result: /usr/bin/gcc -E
configure:7443: /usr/bin/gcc -E -I/home/harold/Dev/privateer_python/dependencies/include conftest.c
configure:7443: $? = 0
configure:7457: /usr/bin/gcc -E -I/home/harold/Dev/privateer_python/dependencies/include conftest.c
conftest.c:11:10: fatal error: ac_nonexistent.h: No such file or directory
   11 | #include <ac_nonexistent.h>
      |          ^~~~~~~~~~~~~~~~~~
compilation terminated.
configure:7457: $? = 1
configure: failed program was:
| /* confdefs.h */
| #define PACKAGE_NAME "ccp4srs"
| #define PACKAGE_TARNAME "ccp4srs"
| #define PACKAGE_VERSION "1.0.0"
| #define PACKAGE_STRING "ccp4srs 1.0.0"
| #define PACKAGE_BUGREPORT ""
| #define PACKAGE_URL ""
| #define PACKAGE "ccp4srs"
| #define VERSION "1.0.0"
| /* end confdefs.h.  */
| #include <ac_nonexistent.h>
configure:7486: checking for ANSI C header files
configure:7506: /usr/bin/gcc -c -g -O2 -I/home/harold/Dev/privateer_python/dependencies/include conftest.c >&5
configure:7506: $? = 0
configure:7579: /usr/bin/gcc -o conftest -g -O2 -I/home/harold/Dev/privateer_python/dependencies/include -L/home/harold/Dev/privateer_python/dependencies/lib -L/home/harold/Dev/privateer_python/dependencies/lib64 conftest.c  >&5
configure:7579: $? = 0
configure:7579: ./conftest
configure:7579: $? = 0
configure:7590: result: yes
configure:7603: checking for sys/types.h
configure:7603: /usr/bin/gcc -c -g -O2 -I/home/harold/Dev/privateer_python/dependencies/include conftest.c >&5
configure:7603: $? = 0
configure:7603: result: yes
configure:7603: checking for sys/stat.h
configure:7603: /usr/bin/gcc -c -g -O2 -I/home/harold/Dev/privateer_python/dependencies/include conftest.c >&5
configure:7603: $? = 0
configure:7603: result: yes
configure:7603: checking for stdlib.h
configure:7603: /usr/bin/gcc -c -g -O2 -I/home/harold/Dev/privateer_python/dependencies/include conftest.c >&5
configure:7603: $? = 0
configure:7603: result: yes
configure:7603: checking for string.h
configure:7603: /usr/bin/gcc -c -g -O2 -I/home/harold/Dev/privateer_python/dependencies/include conftest.c >&5
configure:7603: $? = 0
configure:7603: result: yes
configure:7603: checking for memory.h
configure:7603: /usr/bin/gcc -c -g -O2 -I/home/harold/Dev/privateer_python/dependencies/include conftest.c >&5
configure:7603: $? = 0
configure:7603: result: yes
configure:7603: checking for strings.h
configure:7603: /usr/bin/gcc -c -g -O2 -I/home/harold/Dev/privateer_python/dependencies/include conftest.c >&5
configure:7603: $? = 0
configure:7603: result: yes
configure:7603: checking for inttypes.h
configure:7603: /usr/bin/gcc -c -g -O2 -I/home/harold/Dev/privateer_python/dependencies/include conftest.c >&5
configure:7603: $? = 0
configure:7603: result: yes
configure:7603: checking for stdint.h
configure:7603: /usr/bin/gcc -c -g -O2 -I/home/harold/Dev/privateer_python/dependencies/include conftest.c >&5
configure:7603: $? = 0
configure:7603: result: yes
configure:7603: checking for unistd.h
configure:7603: /usr/bin/gcc -c -g -O2 -I/home/harold/Dev/privateer_python/dependencies/include conftest.c >&5
configure:7603: $? = 0
configure:7603: result: yes
configure:7617: checking for dlfcn.h
configure:7617: /usr/bin/gcc -c -g -O2 -I/home/harold/Dev/privateer_python/dependencies/include conftest.c >&5
configure:7617: $? = 0
configure:7617: result: yes
configure:8120: checking for objdir
configure:8135: result: .libs
configure:8406: checking if /usr/bin/gcc supports -fno-rtti -fno-exceptions
configure:8424: /usr/bin/gcc -c -g -O2 -I/home/harold/Dev/privateer_python/dependencies/include -fno-rtti -fno-exceptions conftest.c >&5
cc1: warning: command line option '-fno-rtti' is valid for C++/D/ObjC++ but not for C
configure:8428: $? = 0
configure:8441: result: no
configure:8768: checking for /usr/bin/gcc option to produce PIC
configure:8775: result: -fPIC -DPIC
configure:8783: checking if /usr/bin/gcc PIC flag -fPIC -DPIC works
configure:8801: /usr/bin/gcc -c -g -O2 -I/home/harold/Dev/privateer_python/dependencies/include -fPIC -DPIC -DPIC conftest.c >&5
configure:8805: $? = 0
configure:8818: result: yes
configure:8847: checking if /usr/bin/gcc static flag -static works
configure:8875: result: yes
configure:8890: checking if /usr/bin/gcc supports -c -o file.o
configure:8911: /usr/bin/gcc -c -g -O2 -I/home/harold/Dev/privateer_python/dependencies/include -o out/conftest2.o conftest.c >&5
configure:8915: $? = 0
configure:8937: result: yes
configure:8945: checking if /usr/bin/gcc supports -c -o file.o
configure:8992: result: yes
configure:9025: checking whether the /usr/bin/gcc linker (/usr/bin/ld -m elf_x86_64) supports shared libraries
configure:10178: result: yes
configure:10215: checking whether -lc should be explicitly linked in
configure:10223: /usr/bin/gcc -c -g -O2 -I/home/harold/Dev/privateer_python/dependencies/include conftest.c >&5
configure:10226: $? = 0
configure:10241: /usr/bin/gcc -shared  -fPIC -DPIC conftest.o  -v -Wl,-soname -Wl,conftest -o conftest 2\>\&1 \| /usr/bin/grep  -lc  \>/dev/null 2\>\&1
configure:10244: $? = 0
configure:10258: result: no
configure:10418: checking dynamic linker characteristics
configure:10929: /usr/bin/gcc -o conftest -g -O2 -I/home/harold/Dev/privateer_python/dependencies/include -L/home/harold/Dev/privateer_python/dependencies/lib -L/home/harold/Dev/privateer_python/dependencies/lib64 -Wl,-rpath -Wl,/foo conftest.c  >&5
configure:10929: $? = 0
configure:11151: result: GNU/Linux ld.so
configure:11258: checking how to hardcode library paths into programs
configure:11283: result: immediate
configure:11823: checking whether stripping libraries is possible
configure:11828: result: yes
configure:11863: checking if libtool supports shared libraries
configure:11865: result: yes
configure:11868: checking whether to build shared libraries
configure:11889: result: yes
configure:11892: checking whether to build static libraries
configure:11896: result: no
configure:9055: checking for C++ compiler version
configure:9064: /usr/bin/g++ --version >&5
g++ (Ubuntu 9.3.0-17ubuntu1~20.04) 9.3.0
Copyright (C) 2019 Free Software Foundation, Inc.
This is free software; see the source for copying conditions.  There is NO
warranty; not even for MERCHANTABILITY or FITNESS FOR A PARTICULAR PURPOSE.

configure:9075: $? = 0
configure:9064: /usr/bin/g++ -v >&5
Using built-in specs.
COLLECT_GCC=/usr/bin/g++
COLLECT_LTO_WRAPPER=/usr/lib/gcc/x86_64-linux-gnu/9/lto-wrapper
OFFLOAD_TARGET_NAMES=nvptx-none:hsa
OFFLOAD_TARGET_DEFAULT=1
Target: x86_64-linux-gnu
Configured with: ../src/configure -v --with-pkgversion='Ubuntu 9.3.0-17ubuntu1~20.04' --with-bugurl=file:///usr/share/doc/gcc-9/README.Bugs --enable-languages=c,ada,c++,go,brig,d,fortran,objc,obj-c++,gm2 --prefix=/usr --with-gcc-major-version-only --program-suffix=-9 --program-prefix=x86_64-linux-gnu- --enable-shared --enable-linker-build-id --libexecdir=/usr/lib --without-included-gettext --enable-threads=posix --libdir=/usr/lib --enable-nls --enable-clocale=gnu --enable-libstdcxx-debug --enable-libstdcxx-time=yes --with-default-libstdcxx-abi=new --enable-gnu-unique-object --disable-vtable-verify --enable-plugin --enable-default-pie --with-system-zlib --with-target-system-zlib=auto --enable-objc-gc=auto --enable-multiarch --disable-werror --with-arch-32=i686 --with-abi=m64 --with-multilib-list=m32,m64,mx32 --enable-multilib --with-tune=generic --enable-offload-targets=nvptx-none=/build/gcc-9-HskZEa/gcc-9-9.3.0/debian/tmp-nvptx/usr,hsa --without-cuda-driver --enable-checking=release --build=x86_64-linux-gnu --host=x86_64-linux-gnu --target=x86_64-linux-gnu
Thread model: posix
gcc version 9.3.0 (Ubuntu 9.3.0-17ubuntu1~20.04) 
configure:9075: $? = 0
configure:9064: /usr/bin/g++ -V >&5
g++: error: unrecognized command line option '-V'
g++: fatal error: no input files
compilation terminated.
configure:9075: $? = 1
configure:9064: /usr/bin/g++ -qversion >&5
g++: error: unrecognized command line option '-qversion'; did you mean '--version'?
g++: fatal error: no input files
compilation terminated.
configure:9075: $? = 1
configure:9079: checking whether we are using the GNU C++ compiler
configure:9098: /usr/bin/g++ -c -g -O2 -w -std=c++11 -I/home/harold/Dev/privateer_python/dependencies/include conftest.cpp >&5
configure:9098: $? = 0
configure:9107: result: yes
configure:9116: checking whether /usr/bin/g++ accepts -g
configure:9136: /usr/bin/g++ -c -g -I/home/harold/Dev/privateer_python/dependencies/include conftest.cpp >&5
configure:9136: $? = 0
configure:9177: result: yes
configure:9202: checking dependency style of /usr/bin/g++
configure:9313: result: gcc3
configure:9346: checking how to run the C++ preprocessor
configure:9373: /usr/bin/g++ -E -I/home/harold/Dev/privateer_python/dependencies/include conftest.cpp
configure:9373: $? = 0
configure:9387: /usr/bin/g++ -E -I/home/harold/Dev/privateer_python/dependencies/include conftest.cpp
conftest.cpp:23:10: fatal error: ac_nonexistent.h: No such file or directory
   23 | #include <ac_nonexistent.h>
      |          ^~~~~~~~~~~~~~~~~~
compilation terminated.
configure:9387: $? = 1
configure: failed program was:
| /* confdefs.h */
| #define PACKAGE_NAME "ccp4srs"
| #define PACKAGE_TARNAME "ccp4srs"
| #define PACKAGE_VERSION "1.0.0"
| #define PACKAGE_STRING "ccp4srs 1.0.0"
| #define PACKAGE_BUGREPORT ""
| #define PACKAGE_URL ""
| #define PACKAGE "ccp4srs"
| #define VERSION "1.0.0"
| #define STDC_HEADERS 1
| #define HAVE_SYS_TYPES_H 1
| #define HAVE_SYS_STAT_H 1
| #define HAVE_STDLIB_H 1
| #define HAVE_STRING_H 1
| #define HAVE_MEMORY_H 1
| #define HAVE_STRINGS_H 1
| #define HAVE_INTTYPES_H 1
| #define HAVE_STDINT_H 1
| #define HAVE_UNISTD_H 1
| #define HAVE_DLFCN_H 1
| #define LT_OBJDIR ".libs/"
| /* end confdefs.h.  */
| #include <ac_nonexistent.h>
configure:9412: result: /usr/bin/g++ -E
configure:9432: /usr/bin/g++ -E -I/home/harold/Dev/privateer_python/dependencies/include conftest.cpp
configure:9432: $? = 0
configure:9446: /usr/bin/g++ -E -I/home/harold/Dev/privateer_python/dependencies/include conftest.cpp
conftest.cpp:23:10: fatal error: ac_nonexistent.h: No such file or directory
   23 | #include <ac_nonexistent.h>
      |          ^~~~~~~~~~~~~~~~~~
compilation terminated.
configure:9446: $? = 1
configure: failed program was:
| /* confdefs.h */
| #define PACKAGE_NAME "ccp4srs"
| #define PACKAGE_TARNAME "ccp4srs"
| #define PACKAGE_VERSION "1.0.0"
| #define PACKAGE_STRING "ccp4srs 1.0.0"
| #define PACKAGE_BUGREPORT ""
| #define PACKAGE_URL ""
| #define PACKAGE "ccp4srs"
| #define VERSION "1.0.0"
| #define STDC_HEADERS 1
| #define HAVE_SYS_TYPES_H 1
| #define HAVE_SYS_STAT_H 1
| #define HAVE_STDLIB_H 1
| #define HAVE_STRING_H 1
| #define HAVE_MEMORY_H 1
| #define HAVE_STRINGS_H 1
| #define HAVE_INTTYPES_H 1
| #define HAVE_STDINT_H 1
| #define HAVE_UNISTD_H 1
| #define HAVE_DLFCN_H 1
| #define LT_OBJDIR ".libs/"
| /* end confdefs.h.  */
| #include <ac_nonexistent.h>
configure:9615: checking for ld used by /usr/bin/g++
configure:9682: result: /usr/bin/ld -m elf_x86_64
configure:9689: checking if the linker (/usr/bin/ld -m elf_x86_64) is GNU ld
configure:9704: result: yes
configure:9759: checking whether the /usr/bin/g++ linker (/usr/bin/ld -m elf_x86_64) supports shared libraries
configure:10764: result: yes
configure:10800: /usr/bin/g++ -c -g -O2 -w -std=c++11 -I/home/harold/Dev/privateer_python/dependencies/include conftest.cpp >&5
configure:10803: $? = 0
configure:11323: checking for /usr/bin/g++ option to produce PIC
configure:11330: result: -fPIC -DPIC
configure:11338: checking if /usr/bin/g++ PIC flag -fPIC -DPIC works
configure:11356: /usr/bin/g++ -c -g -O2 -w -std=c++11 -I/home/harold/Dev/privateer_python/dependencies/include -fPIC -DPIC -DPIC conftest.cpp >&5
configure:11360: $? = 0
configure:11373: result: yes
configure:11396: checking if /usr/bin/g++ static flag -static works
configure:11424: result: yes
configure:11436: checking if /usr/bin/g++ supports -c -o file.o
configure:11457: /usr/bin/g++ -c -g -O2 -w -std=c++11 -I/home/harold/Dev/privateer_python/dependencies/include -o out/conftest2.o conftest.cpp >&5
configure:11461: $? = 0
configure:11483: result: yes
configure:11488: checking if /usr/bin/g++ supports -c -o file.o
configure:11535: result: yes
configure:11565: checking whether the /usr/bin/g++ linker (/usr/bin/ld -m elf_x86_64) supports shared libraries
configure:11601: result: yes
configure:11742: checking dynamic linker characteristics
configure:12409: result: GNU/Linux ld.so
configure:12462: checking how to hardcode library paths into programs
configure:12487: result: immediate
configure:11470: checking whether to enable maintainer-specific portions of Makefiles
configure:11479: result: no
configure:11492: checking for library containing cos
configure:11523: /usr/bin/gcc -o conftest -g -O2 -I/home/harold/Dev/privateer_python/dependencies/include -L/home/harold/Dev/privateer_python/dependencies/lib -L/home/harold/Dev/privateer_python/dependencies/lib64 conftest.c  >&5
conftest.c:30:6: warning: conflicting types for built-in function 'cos'; expected 'double(double)' [-Wbuiltin-declaration-mismatch]
   30 | char cos ();
      |      ^~~
conftest.c:1:1: note: 'cos' is declared in header '<math.h>'
    1 | /* confdefs.h */
/usr/bin/ld: /tmp/ccCA8kho.o: in function `main':
/home/harold/Dev/privateer_python/dependencies/ccp4srs/trunk/conftest.c:34: undefined reference to `cos'
collect2: error: ld returned 1 exit status
configure:11523: $? = 1
configure: failed program was:
| /* confdefs.h */
| #define PACKAGE_NAME "ccp4srs"
| #define PACKAGE_TARNAME "ccp4srs"
| #define PACKAGE_VERSION "1.0.0"
| #define PACKAGE_STRING "ccp4srs 1.0.0"
| #define PACKAGE_BUGREPORT ""
| #define PACKAGE_URL ""
| #define PACKAGE "ccp4srs"
| #define VERSION "1.0.0"
| #define STDC_HEADERS 1
| #define HAVE_SYS_TYPES_H 1
| #define HAVE_SYS_STAT_H 1
| #define HAVE_STDLIB_H 1
| #define HAVE_STRING_H 1
| #define HAVE_MEMORY_H 1
| #define HAVE_STRINGS_H 1
| #define HAVE_INTTYPES_H 1
| #define HAVE_STDINT_H 1
| #define HAVE_UNISTD_H 1
| #define HAVE_DLFCN_H 1
| #define LT_OBJDIR ".libs/"
| /* end confdefs.h.  */
| 
| /* Override any GCC internal prototype to avoid an error.
|    Use char because int might match the return type of a GCC
|    builtin and then its argument prototype would still apply.  */
| #ifdef __cplusplus
| extern "C"
| #endif
| char cos ();
| int
| main ()
| {
| return cos ();
|   ;
|   return 0;
| }
configure:11523: /usr/bin/gcc -o conftest -g -O2 -I/home/harold/Dev/privateer_python/dependencies/include -L/home/harold/Dev/privateer_python/dependencies/lib -L/home/harold/Dev/privateer_python/dependencies/lib64 conftest.c -lm   >&5
conftest.c:30:6: warning: conflicting types for built-in function 'cos'; expected 'double(double)' [-Wbuiltin-declaration-mismatch]
   30 | char cos ();
      |      ^~~
conftest.c:1:1: note: 'cos' is declared in header '<math.h>'
    1 | /* confdefs.h */
configure:11523: $? = 0
configure:11540: result: -lm
configure:11550: checking for crc32 in -lz
configure:11575: /usr/bin/gcc -o conftest -g -O2 -I/home/harold/Dev/privateer_python/dependencies/include -L/home/harold/Dev/privateer_python/dependencies/lib -L/home/harold/Dev/privateer_python/dependencies/lib64 conftest.c -lz  -lm  >&5
configure:11575: $? = 0
configure:11584: result: yes
configure:11597: checking zlib.h usability
configure:11597: /usr/bin/gcc -c -g -O2 -I/home/harold/Dev/privateer_python/dependencies/include conftest.c >&5
configure:11597: $? = 0
configure:11597: result: yes
configure:11597: checking zlib.h presence
configure:11597: /usr/bin/gcc -E -I/home/harold/Dev/privateer_python/dependencies/include conftest.c
configure:11597: $? = 0
configure:11597: result: yes
configure:11597: checking for zlib.h
configure:11597: result: yes
configure:11613: checking mmdb2/mmdb_manager.h usability
configure:11613: /usr/bin/g++ -c -g -O2 -w -std=c++11 -I/home/harold/Dev/privateer_python/dependencies/include conftest.cpp >&5
configure:11613: $? = 0
configure:11613: result: yes
configure:11613: checking mmdb2/mmdb_manager.h presence
configure:11613: /usr/bin/g++ -E -I/home/harold/Dev/privateer_python/dependencies/include conftest.cpp
configure:11613: $? = 0
configure:11613: result: yes
configure:11613: checking for mmdb2/mmdb_manager.h
configure:11613: result: yes
configure:11621: checking for MMDB_CCIF_Init in -lmmdb2
configure:11646: /usr/bin/g++ -o conftest -g -O2 -w -std=c++11 -I/home/harold/Dev/privateer_python/dependencies/include -L/home/harold/Dev/privateer_python/dependencies/lib -L/home/harold/Dev/privateer_python/dependencies/lib64 conftest.cpp -lmmdb2  -lz -lm  >&5
configure:11646: $? = 0
configure:11655: result: yes
configure:11774: checking that generated files are newer than configure
configure:11780: result: done
configure:11811: creating ./config.status

## ---------------------- ##
## Running config.status. ##
## ---------------------- ##

This file was extended by ccp4srs config.status 1.0.0, which was
generated by GNU Autoconf 2.69.  Invocation command line was

  CONFIG_FILES    = 
  CONFIG_HEADERS  = 
  CONFIG_LINKS    = 
  CONFIG_COMMANDS = 
  $ ./config.status 

on victoria

config.status:1145: creating Makefile
config.status:1145: creating config.h
config.status:1374: executing depfiles commands
config.status:1374: executing libtool commands
configure:14301: WARNING: unrecognized options: --disable-Werror

## ---------------- ##
## Cache variables. ##
## ---------------- ##

ac_cv_build=x86_64-unknown-linux-gnu
ac_cv_c_compiler_gnu=yes
ac_cv_cxx_compiler_gnu=yes
ac_cv_env_CCC_set=
ac_cv_env_CCC_value=
ac_cv_env_CC_set=set
ac_cv_env_CC_value=/usr/bin/gcc
ac_cv_env_CFLAGS_set=
ac_cv_env_CFLAGS_value=
ac_cv_env_CPPFLAGS_set=set
ac_cv_env_CPPFLAGS_value=-I/home/harold/Dev/privateer_python/dependencies/include
ac_cv_env_CPP_set=
ac_cv_env_CPP_value=
ac_cv_env_CXXCPP_set=
ac_cv_env_CXXCPP_value=
ac_cv_env_CXXFLAGS_set=set
ac_cv_env_CXXFLAGS_value='-g -O2 -w -std=c++11'
ac_cv_env_CXX_set=set
ac_cv_env_CXX_value=/usr/bin/g++
ac_cv_env_LDFLAGS_set=set
ac_cv_env_LDFLAGS_value='-L/home/harold/Dev/privateer_python/dependencies/lib -L/home/harold/Dev/privateer_python/dependencies/lib64'
ac_cv_env_LIBS_set=
ac_cv_env_LIBS_value=
ac_cv_env_build_alias_set=
ac_cv_env_build_alias_value=
ac_cv_env_host_alias_set=
ac_cv_env_host_alias_value=
ac_cv_env_target_alias_set=
ac_cv_env_target_alias_value=
ac_cv_header_dlfcn_h=yes
ac_cv_header_inttypes_h=yes
ac_cv_header_memory_h=yes
ac_cv_header_mmdb2_mmdb_manager_h=yes
ac_cv_header_stdc=yes
ac_cv_header_stdint_h=yes
ac_cv_header_stdlib_h=yes
ac_cv_header_string_h=yes
ac_cv_header_strings_h=yes
ac_cv_header_sys_stat_h=yes
ac_cv_header_sys_types_h=yes
ac_cv_header_unistd_h=yes
ac_cv_header_zlib_h=yes
ac_cv_host=x86_64-unknown-linux-gnu
ac_cv_lib_mmdb2_MMDB_CCIF_Init=yes
ac_cv_lib_z_crc32=yes
ac_cv_objext=o
ac_cv_path_EGREP='/usr/bin/grep -E'
ac_cv_path_FGREP='/usr/bin/grep -F'
ac_cv_path_GREP=/usr/bin/grep
ac_cv_path_SED=/usr/bin/sed
ac_cv_path_install='/usr/bin/install -c'
ac_cv_path_mkdir=/usr/bin/mkdir
ac_cv_prog_AWK=mawk
ac_cv_prog_CPP='/usr/bin/gcc -E'
ac_cv_prog_CXXCPP='/usr/bin/g++ -E'
ac_cv_prog_ac_ct_AR=ar
ac_cv_prog_ac_ct_CC=/usr/bin/gcc
ac_cv_prog_ac_ct_MANIFEST_TOOL=mt
ac_cv_prog_ac_ct_OBJDUMP=objdump
ac_cv_prog_ac_ct_RANLIB=ranlib
ac_cv_prog_ac_ct_STRIP=strip
ac_cv_prog_cc_c89=
ac_cv_prog_cc_g=yes
ac_cv_prog_cxx_g=yes
ac_cv_prog_make_make_set=yes
ac_cv_search_cos=-lm
am_cv_CC_dependencies_compiler_type=gcc3
am_cv_CXX_dependencies_compiler_type=gcc3
am_cv_ar_interface=ar
am_cv_make_support_nested_variables=yes
lt_cv_ar_at_file=@
lt_cv_archive_cmds_need_lc=no
lt_cv_deplibs_check_method=pass_all
lt_cv_file_magic_cmd='$MAGIC_CMD'
lt_cv_file_magic_test_file=
lt_cv_ld_reload_flag=-r
lt_cv_nm_interface='BSD nm'
lt_cv_objdir=.libs
lt_cv_path_LD=/usr/bin/ld
lt_cv_path_LDCXX='/usr/bin/ld -m elf_x86_64'
lt_cv_path_NM='/usr/bin/nm -B'
lt_cv_path_mainfest_tool=no
lt_cv_prog_compiler_c_o=yes
lt_cv_prog_compiler_c_o_CXX=yes
lt_cv_prog_compiler_pic='-fPIC -DPIC'
lt_cv_prog_compiler_pic_CXX='-fPIC -DPIC'
lt_cv_prog_compiler_pic_works=yes
lt_cv_prog_compiler_pic_works_CXX=yes
lt_cv_prog_compiler_rtti_exceptions=no
lt_cv_prog_compiler_static_works=yes
lt_cv_prog_compiler_static_works_CXX=yes
lt_cv_prog_gnu_ld=yes
lt_cv_prog_gnu_ldcxx=yes
lt_cv_sharedlib_from_linklib_cmd='printf %s\n'
lt_cv_shlibpath_overrides_runpath=yes
lt_cv_sys_global_symbol_pipe='sed -n -e '\''s/^.*[	 ]\([ABCDGIRSTW][ABCDGIRSTW]*\)[	 ][	 ]*\([_A-Za-z][_A-Za-z0-9]*\)$/\1 \2 \2/p'\'' | sed '\''/ __gnu_lto/d'\'''
lt_cv_sys_global_symbol_to_c_name_address='sed -n -e '\''s/^: \([^ ]*\)[ ]*$/  {\"\1\", (void *) 0},/p'\'' -e '\''s/^[ABCDGIRSTW]* \([^ ]*\) \([^ ]*\)$/  {"\2", (void *) \&\2},/p'\'''
lt_cv_sys_global_symbol_to_c_name_address_lib_prefix='sed -n -e '\''s/^: \([^ ]*\)[ ]*$/  {\"\1\", (void *) 0},/p'\'' -e '\''s/^[ABCDGIRSTW]* \([^ ]*\) \(lib[^ ]*\)$/  {"\2", (void *) \&\2},/p'\'' -e '\''s/^[ABCDGIRSTW]* \([^ ]*\) \([^ ]*\)$/  {"lib\2", (void *) \&\2},/p'\'''
lt_cv_sys_global_symbol_to_cdecl='sed -n -e '\''s/^T .* \(.*\)$/extern int \1();/p'\'' -e '\''s/^[ABCDGIRSTW]* .* \(.*\)$/extern char \1;/p'\'''
lt_cv_sys_max_cmd_len=1572864
lt_cv_to_host_file_cmd=func_convert_file_noop
lt_cv_to_tool_file_cmd=func_convert_file_noop

## ----------------- ##
## Output variables. ##
## ----------------- ##

ACLOCAL='${SHELL} /home/harold/Dev/privateer_python/dependencies/ccp4srs/trunk/build-aux/missing aclocal-1.13'
AMDEPBACKSLASH='\'
AMDEP_FALSE='#'
AMDEP_TRUE=''
AMTAR='$${TAR-tar}'
AM_BACKSLASH='\'
AM_DEFAULT_V='$(AM_DEFAULT_VERBOSITY)'
AM_DEFAULT_VERBOSITY='0'
AM_V='$(V)'
AR='ar'
AS='as'
AUTOCONF='${SHELL} /home/harold/Dev/privateer_python/dependencies/ccp4srs/trunk/build-aux/missing autoconf'
AUTOHEADER='${SHELL} /home/harold/Dev/privateer_python/dependencies/ccp4srs/trunk/build-aux/missing autoheader'
AUTOMAKE='${SHELL} /home/harold/Dev/privateer_python/dependencies/ccp4srs/trunk/build-aux/missing automake-1.13'
AWK='mawk'
CC='/usr/bin/gcc'
CCDEPMODE='depmode=gcc3'
CFLAGS='-g -O2'
CPP='/usr/bin/gcc -E'
CPPFLAGS='-I/home/harold/Dev/privateer_python/dependencies/include'
CXX='/usr/bin/g++'
CXXCPP='/usr/bin/g++ -E'
CXXDEPMODE='depmode=gcc3'
CXXFLAGS='-g -O2 -w -std=c++11'
CYGPATH_W='echo'
DEFS='-DHAVE_CONFIG_H'
DEPDIR='.deps'
DLLTOOL='false'
DSYMUTIL=''
DUMPBIN=''
ECHO_C=''
ECHO_N='-n'
ECHO_T=''
EGREP='/usr/bin/grep -E'
EXEEXT=''
FGREP='/usr/bin/grep -F'
GREP='/usr/bin/grep'
INSTALL_DATA='${INSTALL} -m 644'
INSTALL_PROGRAM='${INSTALL}'
INSTALL_SCRIPT='${INSTALL}'
INSTALL_STRIP_PROGRAM='$(install_sh) -c -s'
LD='/usr/bin/ld -m elf_x86_64'
LDFLAGS='-L/home/harold/Dev/privateer_python/dependencies/lib -L/home/harold/Dev/privateer_python/dependencies/lib64'
LIBOBJS=''
LIBS='-lz -lm '
LIBTOOL='$(SHELL) $(top_builddir)/libtool'
LIPO=''
LN_S='ln -s'
LTLIBOBJS=''
MAINT='#'
MAINTAINER_MODE_FALSE=''
MAINTAINER_MODE_TRUE='#'
MAKEINFO='${SHELL} /home/harold/Dev/privateer_python/dependencies/ccp4srs/trunk/build-aux/missing makeinfo'
MANIFEST_TOOL=':'
MKDIR_P='/usr/bin/mkdir -p'
NM='/usr/bin/nm -B'
NMEDIT=''
OBJDUMP='objdump'
OBJEXT='o'
OTOOL64=''
OTOOL=''
PACKAGE='ccp4srs'
PACKAGE_BUGREPORT=''
PACKAGE_NAME='ccp4srs'
PACKAGE_STRING='ccp4srs 1.0.0'
PACKAGE_TARNAME='ccp4srs'
PACKAGE_URL=''
PACKAGE_VERSION='1.0.0'
PATH_SEPARATOR=':'
RANLIB='ranlib'
SED='/usr/bin/sed'
SET_MAKE=''
SHELL='/bin/bash'
STRIP='strip'
VERSION='1.0.0'
ac_ct_AR='ar'
ac_ct_CC='/usr/bin/gcc'
ac_ct_CXX=''
ac_ct_DUMPBIN=''
am__EXEEXT_FALSE=''
am__EXEEXT_TRUE='#'
am__fastdepCC_FALSE='#'
am__fastdepCC_TRUE=''
am__fastdepCXX_FALSE='#'
am__fastdepCXX_TRUE=''
am__include='include'
am__isrc=''
am__leading_dot='.'
am__nodep='_no'
am__quote=''
am__tar='$${TAR-tar} chof - "$$tardir"'
am__untar='$${TAR-tar} xf -'
bindir='${exec_prefix}/bin'
build='x86_64-unknown-linux-gnu'
build_alias=''
build_cpu='x86_64'
build_os='linux-gnu'
build_vendor='unknown'
datadir='${datarootdir}'
datarootdir='${prefix}/share'
docdir='${datarootdir}/doc/${PACKAGE_TARNAME}'
dvidir='${docdir}'
exec_prefix='${prefix}'
host='x86_64-unknown-linux-gnu'
host_alias=''
host_cpu='x86_64'
host_os='linux-gnu'
host_vendor='unknown'
htmldir='${docdir}'
includedir='${prefix}/include'
infodir='${datarootdir}/info'
install_sh='${SHELL} /home/harold/Dev/privateer_python/dependencies/ccp4srs/trunk/build-aux/install-sh'
libdir='${exec_prefix}/lib'
libexecdir='${exec_prefix}/libexec'
localedir='${datarootdir}/locale'
localstatedir='${prefix}/var'
mandir='${datarootdir}/man'
mkdir_p='$(MKDIR_P)'
oldincludedir='/usr/include'
pdfdir='${docdir}'
prefix='/home/harold/Dev/privateer_python/dependencies'
program_transform_name='s,x,x,'
psdir='${docdir}'
sbindir='${exec_prefix}/sbin'
sharedstatedir='${prefix}/com'
sysconfdir='${prefix}/etc'
target_alias=''

## ----------- ##
## confdefs.h. ##
## ----------- ##

/* confdefs.h */
#define PACKAGE_NAME "ccp4srs"
#define PACKAGE_TARNAME "ccp4srs"
#define PACKAGE_VERSION "1.0.0"
#define PACKAGE_STRING "ccp4srs 1.0.0"
#define PACKAGE_BUGREPORT ""
#define PACKAGE_URL ""
#define PACKAGE "ccp4srs"
#define VERSION "1.0.0"
#define STDC_HEADERS 1
#define HAVE_SYS_TYPES_H 1
#define HAVE_SYS_STAT_H 1
#define HAVE_STDLIB_H 1
#define HAVE_STRING_H 1
#define HAVE_MEMORY_H 1
#define HAVE_STRINGS_H 1
#define HAVE_INTTYPES_H 1
#define HAVE_STDINT_H 1
#define HAVE_UNISTD_H 1
#define HAVE_DLFCN_H 1
#define LT_OBJDIR ".libs/"
#define HAVE_LIBZ 1

configure: exit 0
